============================= test session starts ==============================
platform linux -- Python 3.12.3, pytest-9.0.2, pluggy-1.6.0 -- /usr/bin/python
cachedir: .pytest_cache
rootdir: /home/runner/work/Project-AI/Project-AI
configfile: pytest.ini (WARNING: ignoring pytest config in pyproject.toml, setup.cfg!)
collecting ... collected 38 items

tests/test_god_tier_expansion.py::TestDistributedEventStreaming::test_backpressure_strategies PASSED [  2%]
tests/test_god_tier_expansion.py::TestDistributedEventStreaming::test_create_streaming_system PASSED [  5%]
tests/test_god_tier_expansion.py::TestDistributedEventStreaming::test_publish_event PASSED [  7%]
tests/test_god_tier_expansion.py::TestDistributedEventStreaming::test_sensor_motor_aggregator PASSED [ 10%]
tests/test_god_tier_expansion.py::TestDistributedEventStreaming::test_subscribe_events PASSED [ 13%]
tests/test_god_tier_expansion.py::TestSecurityOperationsCenter::test_automated_remediation PASSED [ 15%]
tests/test_god_tier_expansion.py::TestSecurityOperationsCenter::test_create_soc PASSED [ 18%]
tests/test_god_tier_expansion.py::TestSecurityOperationsCenter::test_ingest_security_event PASSED [ 21%]
tests/test_god_tier_expansion.py::TestSecurityOperationsCenter::test_soc_status PASSED [ 23%]
tests/test_god_tier_expansion.py::TestSecurityOperationsCenter::test_threat_detection PASSED [ 26%]
tests/test_god_tier_expansion.py::TestGuardianApprovalSystem::test_compliance_checks PASSED [ 28%]
tests/test_god_tier_expansion.py::TestGuardianApprovalSystem::test_create_approval_request PASSED [ 31%]
tests/test_god_tier_expansion.py::TestGuardianApprovalSystem::test_create_guardian_system PASSED [ 34%]
tests/test_god_tier_expansion.py::TestGuardianApprovalSystem::test_emergency_override PASSED [ 36%]
tests/test_god_tier_expansion.py::TestGuardianApprovalSystem::test_guardian_status PASSED [ 39%]
tests/test_god_tier_expansion.py::TestGuardianApprovalSystem::test_submit_approval PASSED [ 42%]
tests/test_god_tier_expansion.py::TestLiveMetricsDashboard::test_agi_behavior_monitoring PASSED [ 44%]
tests/test_god_tier_expansion.py::TestLiveMetricsDashboard::test_alert_management PASSED [ 47%]
tests/test_god_tier_expansion.py::TestLiveMetricsDashboard::test_create_dashboard PASSED [ 50%]
tests/test_god_tier_expansion.py::TestLiveMetricsDashboard::test_dashboard_data_export PASSED [ 52%]
tests/test_god_tier_expansion.py::TestLiveMetricsDashboard::test_fusion_operations_monitoring PASSED [ 55%]
tests/test_god_tier_expansion.py::TestLiveMetricsDashboard::test_record_metrics PASSED [ 57%]
tests/test_god_tier_expansion.py::TestLiveMetricsDashboard::test_robotic_action_monitoring PASSED [ 60%]
tests/test_god_tier_expansion.py::TestBehavioralValidation::test_adversarial_testing PASSED [ 63%]
tests/test_god_tier_expansion.py::TestBehavioralValidation::test_anomaly_detection PASSED [ 65%]
tests/test_god_tier_expansion.py::TestBehavioralValidation::test_create_validation_system PASSED [ 68%]
tests/test_god_tier_expansion.py::TestBehavioralValidation::test_four_laws_verification PASSED [ 71%]
tests/test_god_tier_expansion.py::TestBehavioralValidation::test_four_laws_violation_detection PASSED [ 73%]
tests/test_god_tier_expansion.py::TestBehavioralValidation::test_validation_status PASSED [ 76%]
tests/test_god_tier_expansion.py::TestHealthMonitoring::test_component_health_check PASSED [ 78%]
tests/test_god_tier_expansion.py::TestHealthMonitoring::test_continuity_tracking PASSED [ 81%]
tests/test_god_tier_expansion.py::TestHealthMonitoring::test_create_health_system PASSED [ 84%]
tests/test_god_tier_expansion.py::TestHealthMonitoring::test_fallback_management PASSED [ 86%]
tests/test_god_tier_expansion.py::TestHealthMonitoring::test_monitoring_loop_execution PASSED [ 89%]
tests/test_god_tier_expansion.py::TestHealthMonitoring::test_predictive_failure_detection PASSED [ 92%]
tests/test_god_tier_expansion.py::TestHealthMonitoring::test_system_status PASSED [ 94%]
tests/test_god_tier_expansion.py::TestGodTierIntegration::test_create_config PASSED [ 97%]
tests/test_god_tier_expansion.py::TestGodTierIntegration::test_initialize_system PASSED [100%]

============================= 38 passed in 17.94s ==============================
