<?xml version="1.0" encoding="utf-8"?><testsuites name="pytest tests"><testsuite name="pytest" errors="0" failures="0" skipped="0" tests="23" time="3.592" timestamp="2026-07-17T15:15:45.435361+00:00" hostname="d6ee10645200"><testcase classname="tests.test_authority" name="test_valid_ed25519_authority_proof" time="0.082" /><testcase classname="tests.test_authority" name="test_tampering_is_rejected" time="0.001" /><testcase classname="tests.test_authority" name="test_expired_proof_is_rejected" time="0.001" /><testcase classname="tests.test_authority" name="test_scope_and_action_are_enforced" time="0.001" /><testcase classname="tests.test_authority" name="test_duplicate_trusted_key_ids_are_rejected" time="0.001" /><testcase classname="tests.test_cel_runtime" name="test_declared_cel_conditions_execute" time="0.087" /><testcase classname="tests.test_independent_evaluator" name="test_independent_evaluator_runs_in_separate_process_and_signs_report" time="2.222" /><testcase classname="tests.test_independent_evaluator" name="test_independent_evaluator_rejects_false_not_applicable_assertion" time="0.002" /><testcase classname="tests.test_independent_evaluator" name="test_independent_evaluator_rejects_actor_key_id_mismatch" time="0.001" /><testcase classname="tests.test_manifest_integrity" name="test_manifest_schema_and_references" time="0.091" /><testcase classname="tests.test_manifest_integrity" name="test_duplicate_yaml_keys_are_rejected" time="0.001" /><testcase classname="tests.test_manifest_integrity" name="test_all_cel_conditions_compile" time="0.002" /><testcase classname="tests.test_policy_engine" name="test_denied_action_never_reaches_executor" time="0.001" /><testcase classname="tests.test_policy_engine" name="test_authenticated_read_only_action_executes" time="0.002" /><testcase classname="tests.test_policy_engine" name="test_consequential_action_requires_separate_approval" time="0.002" /><testcase classname="tests.test_policy_engine" name="test_unknown_outcome_and_state_drift_fail_closed" time="0.002" /><testcase classname="tests.test_policy_engine" name="test_action_type_cannot_be_downgraded_to_safer_class" time="0.002" /><testcase classname="tests.test_policy_engine" name="test_approval_nonce_is_single_use_when_execution_occurs" time="0.002" /><testcase classname="tests.test_policy_engine" name="test_approval_bound_to_different_action_is_rejected" time="0.002" /><testcase classname="tests.test_policy_engine" name="test_executor_exception_is_recorded_as_unknown_outcome" time="0.002" /><testcase classname="tests.test_ratification_mechanism" name="test_ratification_signature_binds_exact_manifest_hash" time="0.103" /><testcase classname="tests.test_schema_examples" name="test_all_json_schemas_are_valid" time="0.031" /><testcase classname="tests.test_schema_examples" name="test_example_report_is_schema_valid" time="0.003" /></testsuite></testsuites>