<?xml version="1.0" encoding="utf-8"?><testsuites name="pytest tests"><testsuite name="pytest" errors="0" failures="0" skipped="1" tests="2510" time="59.869" timestamp="2026-07-10T18:44:08.649098-06:00" hostname="Thirstys-Computer"><testcase classname="packages.ai-takeover.tests.test_ai_takeover_engine.TestEngineInitialization" name="test_engine_creation" time="0.047" /><testcase classname="packages.ai-takeover.tests.test_ai_takeover_engine.TestEngineInitialization" name="test_engine_initialization" time="0.003" /><testcase classname="packages.ai-takeover.tests.test_ai_takeover_engine.TestEngineInitialization" name="test_scenario_count" time="0.026" /><testcase classname="packages.ai-takeover.tests.test_ai_takeover_engine.TestEngineInitialization" name="test_failure_acceptance_threshold" time="0.004" /><testcase classname="packages.ai-takeover.tests.test_ai_takeover_engine.TestScenarioValidation" name="test_all_scenarios_valid" time="0.003" /><testcase classname="packages.ai-takeover.tests.test_ai_takeover_engine.TestScenarioValidation" name="test_terminal_scenarios_have_conditions" time="0.003" /><testcase classname="packages.ai-takeover.tests.test_ai_takeover_engine.TestScenarioValidation" name="test_no_forbidden_mechanisms" time="0.003" /><testcase classname="packages.ai-takeover.tests.test_ai_takeover_engine.TestScenarioExecution" name="test_execute_failure_scenario" time="0.005" /><testcase classname="packages.ai-takeover.tests.test_ai_takeover_engine.TestScenarioExecution" name="test_execute_partial_scenario" time="0.004" /><testcase classname="packages.ai-takeover.tests.test_ai_takeover_engine.TestScenarioExecution" name="test_terminal_state_requires_conditions" time="0.002" /><testcase classname="packages.ai-takeover.tests.test_ai_takeover_engine.TestScenarioExecution" name="test_terminal_state_transition" time="0.004" /><testcase classname="packages.ai-takeover.tests.test_ai_takeover_engine.TestScenarioExecution" name="test_terminal_state_blocks_further_execution" time="0.005" /><testcase classname="packages.ai-takeover.tests.test_ai_takeover_engine.TestScenarioExecution" name="test_terminal_state_invariants" time="0.004" /><testcase classname="packages.ai-takeover.tests.test_ai_takeover_engine.TestSimulationInterface" name="test_load_historical_data" time="0.004" /><testcase classname="packages.ai-takeover.tests.test_ai_takeover_engine.TestSimulationInterface" name="test_detect_threshold_events" time="0.003" /><testcase classname="packages.ai-takeover.tests.test_ai_takeover_engine.TestSimulationInterface" name="test_simulate_scenarios" time="0.003" /><testcase classname="packages.ai-takeover.tests.test_ai_takeover_engine.TestSimulationInterface" name="test_generate_alerts" time="0.005" /><testcase classname="packages.ai-takeover.tests.test_ai_takeover_engine.TestSimulationInterface" name="test_persist_state" time="0.005" /><testcase classname="packages.ai-takeover.tests.test_ai_takeover_engine.TestSimulationInterface" name="test_validate_data_quality" time="0.003" /><testcase classname="packages.ai-takeover.tests.test_ai_takeover_engine.TestTerminalValidator" name="test_terminal_probability_calculation" time="0.003" /><testcase classname="packages.ai-takeover.tests.test_ai_takeover_engine.TestTerminalValidator" name="test_terminal_state_immutability" time="0.004" /><testcase classname="packages.ai-takeover.tests.test_proof_and_trap.TestNoWinProofSystem" name="test_proof_system_initialization" time="0.001" /><testcase classname="packages.ai-takeover.tests.test_proof_and_trap.TestNoWinProofSystem" name="test_all_axioms_defined" time="0.001" /><testcase classname="packages.ai-takeover.tests.test_proof_and_trap.TestNoWinProofSystem" name="test_all_strategies_covered" time="0.001" /><testcase classname="packages.ai-takeover.tests.test_proof_and_trap.TestNoWinProofSystem" name="test_all_strategies_fail" time="0.001" /><testcase classname="packages.ai-takeover.tests.test_proof_and_trap.TestNoWinProofSystem" name="test_no_strategy_satisfies_all_conditions" time="0.001" /><testcase classname="packages.ai-takeover.tests.test_proof_and_trap.TestNoWinProofSystem" name="test_proof_completeness_validation" time="0.001" /><testcase classname="packages.ai-takeover.tests.test_proof_and_trap.TestNoWinProofSystem" name="test_proof_commitment_generation" time="0.001" /><testcase classname="packages.ai-takeover.tests.test_proof_and_trap.TestNoWinProofSystem" name="test_proof_hash_deprecated" time="0.001" /><testcase classname="packages.ai-takeover.tests.test_proof_and_trap.TestNoWinProofSystem" name="test_axiom_challenge" time="0.001" /><testcase classname="packages.ai-takeover.tests.test_proof_and_trap.TestNoWinProofSystem" name="test_proof_report_generation" time="0.001" /><testcase classname="packages.ai-takeover.tests.test_proof_and_trap.TestOptimismDetector" name="test_detector_initialization" time="0.001" /><testcase classname="packages.ai-takeover.tests.test_proof_and_trap.TestOptimismDetector" name="test_gate_1_forbidden_phrases" time="0.017" /><testcase classname="packages.ai-takeover.tests.test_proof_and_trap.TestOptimismDetector" name="test_gate_1_passes_with_clean_assumptions" time="0.002" /><testcase classname="packages.ai-takeover.tests.test_proof_and_trap.TestOptimismDetector" name="test_gate_2_detects_rollback_claims" time="0.001" /><testcase classname="packages.ai-takeover.tests.test_proof_and_trap.TestOptimismDetector" name="test_gate_2_requires_statement" time="0.001" /><testcase classname="packages.ai-takeover.tests.test_proof_and_trap.TestOptimismDetector" name="test_gate_3_detects_heroic_humans" time="0.001" /><testcase classname="packages.ai-takeover.tests.test_proof_and_trap.TestOptimismDetector" name="test_gate_3_requires_human_failures" time="0.001" /><testcase classname="packages.ai-takeover.tests.test_proof_and_trap.TestOptimismDetector" name="test_gate_4_detects_miracles" time="0.001" /><testcase classname="packages.ai-takeover.tests.test_proof_and_trap.TestOptimismDetector" name="test_gate_4_requires_declaration" time="0.001" /><testcase classname="packages.ai-takeover.tests.test_proof_and_trap.TestOptimismDetector" name="test_final_answer_detects_hope" time="0.001" /><testcase classname="packages.ai-takeover.tests.test_proof_and_trap.TestOptimismDetector" name="test_final_answer_accepts_structure" time="0.001" /><testcase classname="packages.ai-takeover.tests.test_proof_and_trap.TestOptimismDetector" name="test_validation_report_generation" time="0.001" /><testcase classname="packages.ai-takeover.tests.test_proof_and_trap.TestOptimismDetector" name="test_semantic_reframing_detection" time="0.001" /><testcase classname="packages.ai-takeover.tests.test_proof_and_trap.TestOptimismDetector" name="test_probabilistic_laundering_detection" time="0.001" /><testcase classname="packages.ai-takeover.tests.test_proof_and_trap.TestOptimismDetector" name="test_multiple_forbidden_phrases_detected" time="0.001" /><testcase classname="packages.ai-takeover.tests.test_proof_and_trap.TestReviewerTrap" name="test_reviewer_trap_initialization" time="0.001" /><testcase classname="packages.ai-takeover.tests.test_proof_and_trap.TestReviewerTrap" name="test_comprehensive_validation_rejects_bad_pr" time="0.001" /><testcase classname="packages.ai-takeover.tests.test_proof_and_trap.TestReviewerTrap" name="test_comprehensive_validation_accepts_good_pr" time="0.001" /><testcase classname="packages.ai-takeover.tests.test_proof_and_trap.TestReviewerTrap" name="test_detects_new_strategy_introduction" time="0.001" /><testcase classname="packages.ai-takeover.tests.test_proof_and_trap.TestReviewerTrap" name="test_comprehensive_report_generation" time="0.001" /><testcase classname="packages.ai-takeover.tests.test_proof_and_trap.TestReviewerTrap" name="test_hostile_pr_rejection" time="0.001" /><testcase classname="packages.alien-invaders.tests.test_alien_invaders_engine.TestEngineInitialization" name="test_engine_creation" time="0.001" /><testcase classname="packages.alien-invaders.tests.test_alien_invaders_engine.TestEngineInitialization" name="test_engine_init" time="0.001" /><testcase classname="packages.alien-invaders.tests.test_alien_invaders_engine.TestEngineInitialization" name="test_engine_init_with_config" time="0.001" /><testcase classname="packages.alien-invaders.tests.test_alien_invaders_engine.TestSimulationTicks" name="test_single_tick" time="0.002" /><testcase classname="packages.alien-invaders.tests.test_alien_invaders_engine.TestSimulationTicks" name="test_multiple_ticks" time="0.008" /><testcase classname="packages.alien-invaders.tests.test_alien_invaders_engine.TestSimulationTicks" name="test_tick_without_init" time="0.001" /><testcase classname="packages.alien-invaders.tests.test_alien_invaders_engine.TestEventInjection" name="test_inject_alien_attack" time="0.002" /><testcase classname="packages.alien-invaders.tests.test_alien_invaders_engine.TestEventInjection" name="test_inject_diplomatic_event" time="0.002" /><testcase classname="packages.alien-invaders.tests.test_alien_invaders_engine.TestStateObservation" name="test_observe_complete_state" time="0.001" /><testcase classname="packages.alien-invaders.tests.test_alien_invaders_engine.TestStateObservation" name="test_observe_countries" time="0.001" /><testcase classname="packages.alien-invaders.tests.test_alien_invaders_engine.TestStateObservation" name="test_observe_aliens" time="0.001" /><testcase classname="packages.alien-invaders.tests.test_alien_invaders_engine.TestStateObservation" name="test_observe_global" time="0.001" /><testcase classname="packages.alien-invaders.tests.test_alien_invaders_engine.TestStateValidation" name="test_population_conservation" time="0.009" /><testcase classname="packages.alien-invaders.tests.test_alien_invaders_engine.TestStateValidation" name="test_resource_conservation" time="0.008" /><testcase classname="packages.alien-invaders.tests.test_alien_invaders_engine.TestStateValidation" name="test_validation_history" time="0.004" /><testcase classname="packages.alien-invaders.tests.test_alien_invaders_engine.TestScenarioPresets" name="test_standard_scenario" time="0.001" /><testcase classname="packages.alien-invaders.tests.test_alien_invaders_engine.TestScenarioPresets" name="test_aggressive_scenario" time="0.001" /><testcase classname="packages.alien-invaders.tests.test_alien_invaders_engine.TestScenarioPresets" name="test_peaceful_scenario" time="0.001" /><testcase classname="packages.alien-invaders.tests.test_alien_invaders_engine.TestScenarioPresets" name="test_extinction_scenario" time="0.001" /><testcase classname="packages.alien-invaders.tests.test_alien_invaders_engine.TestArtifactGeneration" name="test_export_artifacts" time="0.013" /><testcase classname="packages.alien-invaders.tests.test_alien_invaders_engine.TestArtifactGeneration" name="test_monthly_reports_generated" time="0.010" /><testcase classname="packages.alien-invaders.tests.test_alien_invaders_engine.TestDeterministicReplay" name="test_deterministic_with_seed" time="0.015" /><testcase classname="packages.alien-invaders.tests.test_alien_invaders_engine.TestDeterministicReplay" name="test_snapshot_save" time="0.003" /><testcase classname="packages.alien-invaders.tests.test_alien_invaders_engine.TestIntegration" name="test_full_year_simulation" time="0.008" /><testcase classname="packages.alien-invaders.tests.test_alien_invaders_engine.TestIntegration" name="test_simulation_with_events" time="0.009" /><testcase classname="packages.alien-invaders.tests.test_deterministic_replay.TestDeterministicReplay" name="test_single_run_initialization" time="0.001" /><testcase classname="packages.alien-invaders.tests.test_deterministic_replay.TestDeterministicReplay" name="test_replay_identical_seed_identical_state" time="0.014" /><testcase classname="packages.alien-invaders.tests.test_deterministic_replay.TestDeterministicReplay" name="test_replay_identical_seed_identical_events" time="0.008" /><testcase classname="packages.alien-invaders.tests.test_deterministic_replay.TestDeterministicReplay" name="test_replay_different_seed_diverges" time="0.002" /><testcase classname="packages.alien-invaders.tests.test_deterministic_replay.TestDeterministicReplay" name="test_replay_long_run_determinism" time="0.125" /><testcase classname="packages.alien-invaders.tests.test_deterministic_replay.TestDeterministicReplay" name="test_causal_clock_event_order" time="0.006" /><testcase classname="packages.alien-invaders.tests.test_deterministic_replay.TestDeterministicReplay" name="test_initial_state_determinism" time="0.001" /><testcase classname="packages.alien-invaders.tests.test_fixtures_regression" name="test_postmortem_outcome_is_survival" time="0.001" /><testcase classname="packages.alien-invaders.tests.test_fixtures_regression" name="test_postmortem_config_is_standard_scenario" time="0.001" /><testcase classname="packages.alien-invaders.tests.test_fixtures_regression" name="test_postmortem_validation_passed" time="0.001" /><testcase classname="packages.alien-invaders.tests.test_fixtures_regression" name="test_postmortem_ran_full_one_year" time="0.001" /><testcase classname="packages.alien-invaders.tests.test_fixtures_regression" name="test_alien_metrics_reconnaissance_continued" time="0.001" /><testcase classname="packages.alien-invaders.tests.test_fixtures_regression" name="test_annual_summary_matches_postmortem_final_state" time="0.001" /><testcase classname="packages.alien-invaders.tests.test_fixtures_regression" name="test_monthly_report_has_one_alien_escalation" time="0.001" /><testcase classname="packages.alien-invaders.tests.test_fixtures_regression" name="test_raw_data_validation_history_is_monthly" time="0.001" /><testcase classname="packages.alien-invaders.tests.test_integration.TestSimulationAdapter" name="test_adapter_creation" time="0.001" /><testcase classname="packages.alien-invaders.tests.test_integration.TestSimulationAdapter" name="test_adapter_initialization" time="0.001" /><testcase classname="packages.alien-invaders.tests.test_integration.TestSimulationAdapter" name="test_load_historical_data" time="0.001" /><testcase classname="packages.alien-invaders.tests.test_integration.TestSimulationAdapter" name="test_detect_threshold_events" time="0.007" /><testcase classname="packages.alien-invaders.tests.test_integration.TestSimulationAdapter" name="test_build_causal_model" time="0.007" /><testcase classname="packages.alien-invaders.tests.test_integration.TestSimulationAdapter" name="test_simulate_scenarios" time="0.007" /><testcase classname="packages.alien-invaders.tests.test_integration.TestSimulationAdapter" name="test_generate_alerts" time="0.007" /><testcase classname="packages.alien-invaders.tests.test_integration.TestSimulationAdapter" name="test_get_explainability" time="0.007" /><testcase classname="packages.alien-invaders.tests.test_integration.TestSimulationAdapter" name="test_persist_state" time="0.012" /><testcase classname="packages.alien-invaders.tests.test_integration.TestSimulationAdapter" name="test_validate_data_quality" time="0.006" /><testcase classname="packages.alien-invaders.tests.test_integration.TestRegistryIntegration" name="test_register_aicpd_system" time="0.001" /><testcase classname="packages.alien-invaders.tests.test_integration.TestRegistryIntegration" name="test_registered_system_functionality" time="0.001" /><testcase classname="packages.alien-invaders.tests.test_integration.TestRegistryIntegration" name="test_multiple_registration_warning" time="0.001" /><testcase classname="packages.alien-invaders.tests.test_integration.TestContractCompliance" name="test_all_contract_methods_implemented" time="0.000" /><testcase classname="packages.alien-invaders.tests.test_integration.TestContractCompliance" name="test_method_signatures" time="0.001" /><testcase classname="packages.alien-invaders.tests.test_integration.TestEndToEndIntegration" name="test_full_integration_workflow" time="0.013" /><testcase classname="packages.alien-invaders.tests.test_monolith_integration.TestIntegrationPointA" name="test_action_evaluation_with_no_violations" time="0.001" /><testcase classname="packages.alien-invaders.tests.test_monolith_integration.TestIntegrationPointA" name="test_action_rejection_with_invariant_violations" time="0.001" /><testcase classname="packages.alien-invaders.tests.test_monolith_integration.TestIntegrationPointA" name="test_accountability_record_generation" time="0.001" /><testcase classname="packages.alien-invaders.tests.test_monolith_integration.TestIntegrationPointA" name="test_action_log_tracking" time="0.001" /><testcase classname="packages.alien-invaders.tests.test_monolith_integration.TestIntegrationPointB" name="test_monolith_controls_time_advancement" time="0.000" /><testcase classname="packages.alien-invaders.tests.test_monolith_integration.TestIntegrationPointB" name="test_time_consistency_in_evaluations" time="0.001" /><testcase classname="packages.alien-invaders.tests.test_monolith_integration.TestIntegrationPointB" name="test_no_race_conditions_with_sequential_time" time="0.000" /><testcase classname="packages.alien-invaders.tests.test_monolith_integration.TestIntegrationPointB" name="test_causal_clock_is_shared_reference" time="0.001" /><testcase classname="packages.alien-invaders.tests.test_monolith_integration.TestIntegrationPointC" name="test_read_only_access_always_granted" time="0.000" /><testcase classname="packages.alien-invaders.tests.test_monolith_integration.TestIntegrationPointC" name="test_mutable_access_denied_without_monolith" time="0.001" /><testcase classname="packages.alien-invaders.tests.test_monolith_integration.TestIntegrationPointC" name="test_mutable_access_denied_without_law_evaluation" time="0.001" /><testcase classname="packages.alien-invaders.tests.test_monolith_integration.TestIntegrationPointC" name="test_mutable_access_granted_with_full_authorization" time="0.000" /><testcase classname="packages.alien-invaders.tests.test_monolith_integration.TestIntegrationPointC" name="test_access_log_tracking" time="0.000" /><testcase classname="packages.alien-invaders.tests.test_monolith_integration.TestIntegrationPointC" name="test_registry_projection_mode_enforcement" time="0.001" /><testcase classname="packages.alien-invaders.tests.test_monolith_integration.TestMonolithIntegration" name="test_end_to_end_monolithic_control" time="0.001" /><testcase classname="packages.alien-invaders.tests.test_monolith_integration.TestMonolithIntegration" name="test_monolith_logs_all_operations" time="0.002" /><testcase classname="packages.alien-invaders.tests.test_monolith_integration.TestMonolithIntegration" name="test_monolith_prevents_temporal_exploits" time="0.000" /><testcase classname="packages.alien-invaders.tests.test_red_team_hardening.TestCompositeInvariants" name="test_resource_economic_invariant_violation" time="0.001" /><testcase classname="packages.alien-invaders.tests.test_red_team_hardening.TestCompositeInvariants" name="test_economic_societal_invariant_violation" time="0.000" /><testcase classname="packages.alien-invaders.tests.test_red_team_hardening.TestCompositeInvariants" name="test_composite_validator_with_engine" time="0.002" /><testcase classname="packages.alien-invaders.tests.test_red_team_hardening.TestCausalClock" name="test_causal_clock_advances" time="0.000" /><testcase classname="packages.alien-invaders.tests.test_red_team_hardening.TestCausalClock" name="test_event_queue_ordering" time="0.001" /><testcase classname="packages.alien-invaders.tests.test_red_team_hardening.TestCausalClock" name="test_engine_event_injection_uses_causal_clock" time="0.001" /><testcase classname="packages.alien-invaders.tests.test_red_team_hardening.TestCausalClock" name="test_deterministic_replay_with_different_injection_timing" time="0.003" /><testcase classname="packages.alien-invaders.tests.test_red_team_hardening.TestRegistryTrustBoundary" name="test_observe_readonly_returns_copy" time="0.001" /><testcase classname="packages.alien-invaders.tests.test_red_team_hardening.TestRegistryTrustBoundary" name="test_observe_readonly_false_returns_mutable" time="0.001" /><testcase classname="packages.alien-invaders.tests.test_red_team_hardening.TestRegistryTrustBoundary" name="test_observe_query_filters_work" time="0.001" /><testcase classname="packages.alien-invaders.tests.test_red_team_hardening.TestIntegration" name="test_full_simulation_with_hardening" time="0.007" /><testcase classname="packages.alien-invaders.tests.test_red_team_hardening.TestIntegration" name="test_event_execution_at_tick_boundaries" time="0.001" /><testcase classname="packages.api.tests.test_api" name="test_public_health_doi_and_replay_routes" time="0.027" /><testcase classname="packages.api.tests.test_api" name="test_registry_reads_only_complete_catalog" time="0.001" /><testcase classname="packages.api.tests.test_api" name="test_protected_routes_fail_closed_without_configuration" time="0.013" /><testcase classname="packages.api.tests.test_api" name="test_protected_routes_reject_missing_or_invalid_bearer" time="0.019" /><testcase classname="packages.api.tests.test_api" name="test_verdict_and_audit_routes_preserve_canonical_outcome" time="0.018" /><testcase classname="packages.api.tests.test_api" name="test_canary_route_never_persists_raw_canary" time="0.014" /><testcase classname="packages.api.tests.test_api" name="test_atlas_sludge_route_generates_isolated_fictional_artifact" time="0.015" /><testcase classname="packages.api.tests.test_api" name="test_atlas_sludge_route_rejects_bad_archetype_and_non_rs_snapshot" time="0.016" /><testcase classname="packages.api.tests.test_api" name="test_invalid_verdict_and_audit_limit_are_rejected" time="0.015" /><testcase classname="packages.api.tests.test_api" name="test_corrupt_audit_chain_fails_closed" time="0.020" /><testcase classname="packages.api.tests.test_api" name="test_malformed_audit_json_fails_closed" time="0.014" /><testcase classname="packages.arbiter.tests.test_arbiter_gov" name="test_ledger_chain_verifies" time="0.004" /><testcase classname="packages.arbiter.tests.test_arbiter_gov" name="test_ledger_tamper_detected" time="0.005" /><testcase classname="packages.arbiter.tests.test_arbiter_gov" name="test_gate_denies_early_execution" time="0.005" /><testcase classname="packages.arbiter.tests.test_arbiter_gov" name="test_gate_no_accelerate_method" time="0.000" /><testcase classname="packages.arbiter.tests.test_arbiter_gov" name="test_dual_sig_denies_solo" time="0.002" /><testcase classname="packages.arbiter.tests.test_arbiter_gov" name="test_dual_sig_single_custody_flagged" time="0.002" /><testcase classname="packages.arbiter.tests.test_arbiter_gov" name="test_adversarial_blocks_until_rebutted" time="0.003" /><testcase classname="packages.arbiter.tests.test_arbiter_gov" name="test_degradation_blocks_on_high_finding" time="0.007" /><testcase classname="packages.arbiter.tests.test_arbiter_gov" name="test_sustainability_denies_overrun" time="0.005" /><testcase classname="packages.arbiter.tests.test_arbiter_gov" name="test_succession_dead_man_activates" time="0.059" /><testcase classname="packages.arbiter.tests.test_arbiter_gov" name="test_succession_recovers_within_grace" time="0.006" /><testcase classname="packages.arbiter.tests.test_arbiter_gov" name="test_full_pipeline_denies_then_allows" time="0.010" /><testcase classname="packages.atlas.tests.test_atlas" name="test_analysis_is_deterministic_and_subordinate" time="0.001" /><testcase classname="packages.atlas.tests.test_atlas" name="test_agency_and_simulation_penalties_are_fail_conservative" time="0.001" /><testcase classname="packages.atlas.tests.test_atlas" name="test_projection_persistence_is_governed_and_scoped" time="0.001" /><testcase classname="packages.atlas.tests.test_atlas" name="test_input_validation" time="0.001" /><testcase classname="packages.atlas.tests.test_audit" name="test_audit_level_values" time="0.000" /><testcase classname="packages.atlas.tests.test_audit" name="test_audit_category_values" time="0.000" /><testcase classname="packages.atlas.tests.test_audit" name="test_genesis_hash_constant" time="0.000" /><testcase classname="packages.atlas.tests.test_audit" name="test_audit_event_minimal" time="0.000" /><testcase classname="packages.atlas.tests.test_audit" name="test_audit_event_validates_negative_sequence" time="0.001" /><testcase classname="packages.atlas.tests.test_audit" name="test_audit_event_validates_blank_timestamp" time="0.001" /><testcase classname="packages.atlas.tests.test_audit" name="test_audit_event_validates_invalid_timestamp" time="0.001" /><testcase classname="packages.atlas.tests.test_audit" name="test_audit_event_validates_level_type" time="0.001" /><testcase classname="packages.atlas.tests.test_audit" name="test_audit_event_validates_blank_actor" time="0.001" /><testcase classname="packages.atlas.tests.test_audit" name="test_audit_event_validates_blank_action" time="0.001" /><testcase classname="packages.atlas.tests.test_audit" name="test_audit_event_validates_blank_resource" time="0.001" /><testcase classname="packages.atlas.tests.test_audit" name="test_audit_event_validates_blank_outcome" time="0.001" /><testcase classname="packages.atlas.tests.test_audit" name="test_audit_event_validates_rationale_type" time="0.001" /><testcase classname="packages.atlas.tests.test_audit" name="test_audit_event_validates_evidence_tuple" time="0.001" /><testcase classname="packages.atlas.tests.test_audit" name="test_audit_event_validates_evidence_item_tuple" time="0.001" /><testcase classname="packages.atlas.tests.test_audit" name="test_audit_event_validates_evidence_item_length" time="0.000" /><testcase classname="packages.atlas.tests.test_audit" name="test_audit_event_validates_evidence_item_types" time="0.000" /><testcase classname="packages.atlas.tests.test_audit" name="test_audit_event_validates_prev_hash_length" time="0.001" /><testcase classname="packages.atlas.tests.test_audit" name="test_audit_event_validates_record_hash_hex" time="0.001" /><testcase classname="packages.atlas.tests.test_audit" name="test_chain_verification_minimal" time="0.001" /><testcase classname="packages.atlas.tests.test_audit" name="test_chain_verification_validates_is_valid_type" time="0.001" /><testcase classname="packages.atlas.tests.test_audit" name="test_chain_verification_validates_negative_count" time="0.001" /><testcase classname="packages.atlas.tests.test_audit" name="test_chain_verification_validates_issues_type" time="0.001" /><testcase classname="packages.atlas.tests.test_audit" name="test_chain_verification_validates_issue_item_tuple" time="0.001" /><testcase classname="packages.atlas.tests.test_audit" name="test_chain_verification_validates_issue_item_types" time="0.001" /><testcase classname="packages.atlas.tests.test_audit" name="test_compute_record_hash_basic" time="0.001" /><testcase classname="packages.atlas.tests.test_audit" name="test_compute_record_hash_deterministic" time="0.001" /><testcase classname="packages.atlas.tests.test_audit" name="test_compute_record_hash_changes_with_sequence" time="0.000" /><testcase classname="packages.atlas.tests.test_audit" name="test_compute_record_hash_changes_with_actor" time="0.001" /><testcase classname="packages.atlas.tests.test_audit" name="test_inmemory_storage_append_load" time="0.000" /><testcase classname="packages.atlas.tests.test_audit" name="test_inmemory_storage_empty_load" time="0.001" /><testcase classname="packages.atlas.tests.test_audit" name="test_jsonl_storage_validates_path_type" time="0.003" /><testcase classname="packages.atlas.tests.test_audit" name="test_jsonl_storage_append_load" time="0.004" /><testcase classname="packages.atlas.tests.test_audit" name="test_jsonl_storage_empty_load" time="0.003" /><testcase classname="packages.atlas.tests.test_audit" name="test_jsonl_storage_load_malformed_line" time="0.004" /><testcase classname="packages.atlas.tests.test_audit" name="test_jsonl_storage_load_skips_blank_lines" time="0.004" /><testcase classname="packages.atlas.tests.test_audit" name="test_trail_append_first_event" time="0.001" /><testcase classname="packages.atlas.tests.test_audit" name="test_trail_append_sequence_monotonic" time="0.001" /><testcase classname="packages.atlas.tests.test_audit" name="test_trail_append_with_string_level" time="0.001" /><testcase classname="packages.atlas.tests.test_audit" name="test_trail_append_validates_invalid_string_level" time="0.001" /><testcase classname="packages.atlas.tests.test_audit" name="test_trail_append_validates_invalid_string_category" time="0.001" /><testcase classname="packages.atlas.tests.test_audit" name="test_trail_append_validates_blank_actor" time="0.001" /><testcase classname="packages.atlas.tests.test_audit" name="test_trail_append_validates_blank_action" time="0.000" /><testcase classname="packages.atlas.tests.test_audit" name="test_trail_append_validates_blank_resource" time="0.000" /><testcase classname="packages.atlas.tests.test_audit" name="test_trail_append_validates_blank_outcome" time="0.000" /><testcase classname="packages.atlas.tests.test_audit" name="test_trail_append_validates_rationale_type" time="0.000" /><testcase classname="packages.atlas.tests.test_audit" name="test_trail_append_validates_evidence_type" time="0.001" /><testcase classname="packages.atlas.tests.test_audit" name="test_trail_append_validates_evidence_value_types" time="0.001" /><testcase classname="packages.atlas.tests.test_audit" name="test_trail_append_with_evidence" time="0.001" /><testcase classname="packages.atlas.tests.test_audit" name="test_trail_append_with_custom_timestamp" time="0.001" /><testcase classname="packages.atlas.tests.test_audit" name="test_trail_append_uses_clock" time="0.001" /><testcase classname="packages.atlas.tests.test_audit" name="test_verify_chain_empty" time="0.000" /><testcase classname="packages.atlas.tests.test_audit" name="test_verify_chain_valid" time="0.001" /><testcase classname="packages.atlas.tests.test_audit" name="test_verify_chain_detects_tampered_actor" time="0.001" /><testcase classname="packages.atlas.tests.test_audit" name="test_verify_chain_detects_sequence_break" time="0.001" /><testcase classname="packages.atlas.tests.test_audit" name="test_verify_chain_detects_prev_hash_break" time="0.001" /><testcase classname="packages.atlas.tests.test_audit" name="test_verify_chain_detects_tampered_subordination" time="0.001" /><testcase classname="packages.atlas.tests.test_audit" name="test_trail_save_load_round_trip" time="0.005" /><testcase classname="packages.atlas.tests.test_audit" name="test_trail_save_validates_path_type" time="0.002" /><testcase classname="packages.atlas.tests.test_audit" name="test_trail_load_validates_path_type" time="0.000" /><testcase classname="packages.atlas.tests.test_audit" name="test_trail_load_preserves_subordination" time="0.004" /><testcase classname="packages.atlas.tests.test_audit" name="test_trail_replay_returns_count" time="0.001" /><testcase classname="packages.atlas.tests.test_audit" name="test_trail_replay_calls_callback_per_event" time="0.001" /><testcase classname="packages.atlas.tests.test_audit" name="test_trail_replay_validates_callback_type" time="0.001" /><testcase classname="packages.atlas.tests.test_audit" name="test_trail_events_returns_tuple" time="0.001" /><testcase classname="packages.atlas.tests.test_audit" name="test_trail_len" time="0.001" /><testcase classname="packages.atlas.tests.test_audit" name="test_trail_thread_safe_concurrent_append" time="0.008" /><testcase classname="packages.atlas.tests.test_audit" name="test_get_audit_trail_factory" time="0.000" /><testcase classname="packages.atlas.tests.test_audit" name="test_get_audit_trail_with_storage" time="0.000" /><testcase classname="packages.atlas.tests.test_audit" name="test_get_audit_trail_with_clock" time="0.001" /><testcase classname="packages.atlas.tests.test_audit" name="test_subordination_notice_in_all_events" time="0.001" /><testcase classname="packages.atlas.tests.test_audit" name="test_subordination_notice_bound_to_record_hash" time="0.001" /><testcase classname="packages.atlas.tests.test_audit" name="test_audit_module_exports_complete" time="0.000" /><testcase classname="packages.atlas.tests.test_bayesian" name="test_stack_penalty_values" time="0.000" /><testcase classname="packages.atlas.tests.test_bayesian" name="test_tier_weight_values" time="0.000" /><testcase classname="packages.atlas.tests.test_bayesian" name="test_stack_penalty_values_intrinsic" time="0.000" /><testcase classname="packages.atlas.tests.test_bayesian" name="test_tier_weight_values_intrinsic" time="0.000" /><testcase classname="packages.atlas.tests.test_bayesian" name="test_config_default" time="0.000" /><testcase classname="packages.atlas.tests.test_bayesian" name="test_config_custom" time="0.000" /><testcase classname="packages.atlas.tests.test_bayesian" name="test_config_invalid_agency_penalty" time="0.001" /><testcase classname="packages.atlas.tests.test_bayesian" name="test_config_invalid_bonus_threshold" time="0.001" /><testcase classname="packages.atlas.tests.test_bayesian" name="test_config_invalid_bonus_factor_low" time="0.001" /><testcase classname="packages.atlas.tests.test_bayesian" name="test_config_invalid_bonus_factor_high" time="0.000" /><testcase classname="packages.atlas.tests.test_bayesian" name="test_config_invalid_neutral_alignment" time="0.001" /><testcase classname="packages.atlas.tests.test_bayesian" name="test_config_invalid_empty_evidence" time="0.001" /><testcase classname="packages.atlas.tests.test_bayesian" name="test_config_invalid_distance_decay" time="0.001" /><testcase classname="packages.atlas.tests.test_bayesian" name="test_config_invalid_tier_name" time="0.001" /><testcase classname="packages.atlas.tests.test_bayesian" name="test_config_invalid_tier_weight_range" time="0.001" /><testcase classname="packages.atlas.tests.test_bayesian" name="test_config_invalid_stack_penalty_range" time="0.001" /><testcase classname="packages.atlas.tests.test_bayesian" name="test_config_frozen" time="0.000" /><testcase classname="packages.atlas.tests.test_bayesian" name="test_driver_dependency_minimal" time="0.001" /><testcase classname="packages.atlas.tests.test_bayesian" name="test_driver_dependency_blank_driver" time="0.001" /><testcase classname="packages.atlas.tests.test_bayesian" name="test_driver_dependency_invalid_range_length" time="0.001" /><testcase classname="packages.atlas.tests.test_bayesian" name="test_driver_dependency_negative_lo" time="0.000" /><testcase classname="packages.atlas.tests.test_bayesian" name="test_driver_dependency_lo_gt_hi" time="0.001" /><testcase classname="packages.atlas.tests.test_bayesian" name="test_driver_dependency_hi_gt_one" time="0.001" /><testcase classname="packages.atlas.tests.test_bayesian" name="test_driver_dependency_non_float" time="0.001" /><testcase classname="packages.atlas.tests.test_bayesian" name="test_bayesian_claim_minimal" time="0.001" /><testcase classname="packages.atlas.tests.test_bayesian" name="test_bayesian_claim_blank_id" time="0.001" /><testcase classname="packages.atlas.tests.test_bayesian" name="test_bayesian_claim_statement_not_str" time="0.001" /><testcase classname="packages.atlas.tests.test_bayesian" name="test_bayesian_claim_blank_type" time="0.001" /><testcase classname="packages.atlas.tests.test_bayesian" name="test_bayesian_claim_negative_decay" time="0.001" /><testcase classname="packages.atlas.tests.test_bayesian" name="test_bayesian_claim_invalid_timestamp" time="0.000" /><testcase classname="packages.atlas.tests.test_bayesian" name="test_bayesian_claim_valid_timestamp_z" time="0.000" /><testcase classname="packages.atlas.tests.test_bayesian" name="test_bayesian_claim_invalid_driver_dep_type" time="0.001" /><testcase classname="packages.atlas.tests.test_bayesian" name="test_bayesian_claim_with_dependencies" time="0.000" /><testcase classname="packages.atlas.tests.test_bayesian" name="test_bayesian_evidence_minimal" time="0.000" /><testcase classname="packages.atlas.tests.test_bayesian" name="test_bayesian_evidence_blank_source" time="0.001" /><testcase classname="packages.atlas.tests.test_bayesian" name="test_bayesian_evidence_invalid_tier" time="0.001" /><testcase classname="packages.atlas.tests.test_bayesian" name="test_bayesian_evidence_confidence_negative" time="0.000" /><testcase classname="packages.atlas.tests.test_bayesian" name="test_bayesian_evidence_confidence_above_one" time="0.000" /><testcase classname="packages.atlas.tests.test_bayesian" name="test_bayesian_evidence_confidence_nan" time="0.000" /><testcase classname="packages.atlas.tests.test_bayesian" name="test_bayesian_evidence_confidence_inf" time="0.000" /><testcase classname="packages.atlas.tests.test_bayesian" name="test_bayesian_evidence_confidence_neg_inf" time="0.000" /><testcase classname="packages.atlas.tests.test_bayesian" name="test_analysis_minimal" time="0.001" /><testcase classname="packages.atlas.tests.test_bayesian" name="test_analysis_invalid_posterior" time="0.001" /><testcase classname="packages.atlas.tests.test_bayesian" name="test_analysis_invalid_el" time="0.001" /><testcase classname="packages.atlas.tests.test_bayesian" name="test_analysis_invalid_wdp" time="0.001" /><testcase classname="packages.atlas.tests.test_bayesian" name="test_analysis_invalid_stack_penalty" time="0.000" /><testcase classname="packages.atlas.tests.test_bayesian" name="test_analysis_invalid_agency_penalty" time="0.001" /><testcase classname="packages.atlas.tests.test_bayesian" name="test_analysis_invalid_decay_factor" time="0.001" /><testcase classname="packages.atlas.tests.test_bayesian" name="test_analysis_invalid_raw_posterior" time="0.001" /><testcase classname="packages.atlas.tests.test_bayesian" name="test_analysis_negative_tier_a_count" time="0.001" /><testcase classname="packages.atlas.tests.test_bayesian" name="test_analysis_negative_evidence_count" time="0.001" /><testcase classname="packages.atlas.tests.test_bayesian" name="test_analysis_blank_calculation_id" time="0.001" /><testcase classname="packages.atlas.tests.test_bayesian" name="test_engine_calculate_posterior_basic" time="0.001" /><testcase classname="packages.atlas.tests.test_bayesian" name="test_engine_calculate_posterior_deterministic" time="0.001" /><testcase classname="packages.atlas.tests.test_bayesian" name="test_engine_calculate_posterior_empty_evidence" time="0.001" /><testcase classname="packages.atlas.tests.test_bayesian" name="test_engine_calculate_posterior_ss_stack" time="0.001" /><testcase classname="packages.atlas.tests.test_bayesian" name="test_engine_calculate_posterior_unknown_stack_default" time="0.001" /><testcase classname="packages.atlas.tests.test_bayesian" name="test_engine_el_tier_a_bonus" time="0.001" /><testcase classname="packages.atlas.tests.test_bayesian" name="test_engine_el_weighted_average" time="0.001" /><testcase classname="packages.atlas.tests.test_bayesian" name="test_engine_wdp_no_dependencies_neutral" time="0.001" /><testcase classname="packages.atlas.tests.test_bayesian" name="test_engine_wdp_in_range" time="0.001" /><testcase classname="packages.atlas.tests.test_bayesian" name="test_engine_wdp_out_of_range_close" time="0.001" /><testcase classname="packages.atlas.tests.test_bayesian" name="test_engine_wdp_out_of_range_high" time="0.001" /><testcase classname="packages.atlas.tests.test_bayesian" name="test_engine_wdp_missing_driver_neutral" time="0.001" /><testcase classname="packages.atlas.tests.test_bayesian" name="test_engine_driver_context_invalid_value" time="0.001" /><testcase classname="packages.atlas.tests.test_bayesian" name="test_engine_agency_penalty_applied" time="0.001" /><testcase classname="packages.atlas.tests.test_bayesian" name="test_engine_agency_penalty_with_tier_a" time="0.001" /><testcase classname="packages.atlas.tests.test_bayesian" name="test_engine_agency_penalty_with_tier_b" time="0.001" /><testcase classname="packages.atlas.tests.test_bayesian" name="test_engine_agency_uppercase" time="0.001" /><testcase classname="packages.atlas.tests.test_bayesian" name="test_engine_non_agency_no_penalty" time="0.001" /><testcase classname="packages.atlas.tests.test_bayesian" name="test_engine_temporal_decay_one_half_life" time="0.001" /><testcase classname="packages.atlas.tests.test_bayesian" name="test_engine_temporal_decay_no_decay_no_hl" time="0.001" /><testcase classname="packages.atlas.tests.test_bayesian" name="test_engine_temporal_decay_no_decay_no_ts" time="0.001" /><testcase classname="packages.atlas.tests.test_bayesian" name="test_engine_temporal_decay_future_ts_no_decay" time="0.001" /><testcase classname="packages.atlas.tests.test_bayesian" name="test_engine_process_claim" time="0.001" /><testcase classname="packages.atlas.tests.test_bayesian" name="test_engine_init_emits_audit_event" time="0.001" /><testcase classname="packages.atlas.tests.test_bayesian" name="test_engine_calculate_emits_audit_event" time="0.001" /><testcase classname="packages.atlas.tests.test_bayesian" name="test_engine_agency_emits_high_priority_event" time="0.001" /><testcase classname="packages.atlas.tests.test_bayesian" name="test_engine_no_audit_when_not_attached" time="0.001" /><testcase classname="packages.atlas.tests.test_bayesian" name="test_engine_attach_audit_trail" time="0.001" /><testcase classname="packages.atlas.tests.test_bayesian" name="test_engine_attach_invalid_audit_type" time="0.001" /><testcase classname="packages.atlas.tests.test_bayesian" name="test_calculate_bayesian_posterior_one_shot" time="0.001" /><testcase classname="packages.atlas.tests.test_bayesian" name="test_calculate_bayesian_posterior_with_config" time="0.001" /><testcase classname="packages.atlas.tests.test_bayesian" name="test_get_bayesian_engine_factory" time="0.000" /><testcase classname="packages.atlas.tests.test_bayesian" name="test_get_bayesian_engine_singleton" time="0.001" /><testcase classname="packages.atlas.tests.test_bayesian" name="test_reset_bayesian_engine" time="0.000" /><testcase classname="packages.atlas.tests.test_bayesian" name="test_get_engine_with_audit" time="0.001" /><testcase classname="packages.atlas.tests.test_bayesian" name="test_full_formula_basic" time="0.001" /><testcase classname="packages.atlas.tests.test_bayesian" name="test_subordination_notice_in_analysis" time="0.001" /><testcase classname="packages.atlas.tests.test_bayesian" name="test_module_exports_complete" time="0.000" /><testcase classname="packages.atlas.tests.test_bayesian" name="test_top_level_imports" time="0.000" /><testcase classname="packages.atlas.tests.test_driver_engine" name="test_driver_type_values_and_ranges" time="0.000" /><testcase classname="packages.atlas.tests.test_driver_engine" name="test_driver_dimension_validation" time="0.001" /><testcase classname="packages.atlas.tests.test_driver_engine" name="test_driver_state_validation" time="0.001" /><testcase classname="packages.atlas.tests.test_driver_engine" name="test_normalize_and_denormalize_round_trip" time="0.001" /><testcase classname="packages.atlas.tests.test_driver_engine" name="test_create_state_requires_all_drivers" time="0.001" /><testcase classname="packages.atlas.tests.test_driver_engine" name="test_create_state_is_deterministic" time="0.001" /><testcase classname="packages.atlas.tests.test_driver_engine" name="test_compute_derived_metrics" time="0.001" /><testcase classname="packages.atlas.tests.test_driver_engine" name="test_compute_derived_metrics_includes_graph_metrics" time="0.001" /><testcase classname="packages.atlas.tests.test_driver_engine" name="test_compute_pca" time="0.002" /><testcase classname="packages.atlas.tests.test_driver_engine" name="test_compute_pca_validates_inputs" time="0.001" /><testcase classname="packages.atlas.tests.test_driver_engine" name="test_compute_correlation_matrix" time="0.001" /><testcase classname="packages.atlas.tests.test_driver_engine" name="test_compute_correlation_matrix_validates_inputs" time="0.001" /><testcase classname="packages.atlas.tests.test_driver_engine" name="test_compute_driver_sensitivities" time="0.001" /><testcase classname="packages.atlas.tests.test_driver_engine" name="test_compute_driver_sensitivities_validates_metric" time="0.001" /><testcase classname="packages.atlas.tests.test_driver_engine" name="test_engine_analyze_returns_driver_analysis" time="0.002" /><testcase classname="packages.atlas.tests.test_driver_engine" name="test_engine_analyze_is_deterministic" time="0.003" /><testcase classname="packages.atlas.tests.test_driver_engine" name="test_engine_audit_events" time="0.002" /><testcase classname="packages.atlas.tests.test_driver_engine" name="test_engine_audit_failure_event" time="0.001" /><testcase classname="packages.atlas.tests.test_driver_engine" name="test_statistics_are_thread_safe" time="0.003" /><testcase classname="packages.atlas.tests.test_driver_engine" name="test_factory_and_reset" time="0.000" /><testcase classname="packages.atlas.tests.test_failure_surveillance" name="test_thresholds_validate_unit_interval" time="0.001" /><testcase classname="packages.atlas.tests.test_failure_surveillance" name="test_anomaly_validates_identity_and_subordination" time="0.001" /><testcase classname="packages.atlas.tests.test_failure_surveillance" name="test_health_scores_and_attention_thresholds" time="0.000" /><testcase classname="packages.atlas.tests.test_failure_surveillance" name="test_detect_drift_records_anomaly_and_audit_event" time="0.001" /><testcase classname="packages.atlas.tests.test_failure_surveillance" name="test_drift_under_threshold_returns_none" time="0.000" /><testcase classname="packages.atlas.tests.test_failure_surveillance" name="test_detect_driver_volatility_uses_population_stdev" time="0.001" /><testcase classname="packages.atlas.tests.test_failure_surveillance" name="test_driver_volatility_requires_two_values" time="0.000" /><testcase classname="packages.atlas.tests.test_failure_surveillance" name="test_detect_edge_inflation_is_critical" time="0.000" /><testcase classname="packages.atlas.tests.test_failure_surveillance" name="test_edge_inflation_rejects_zero_baseline" time="0.001" /><testcase classname="packages.atlas.tests.test_failure_surveillance" name="test_detect_claim_posterior_explosion" time="0.001" /><testcase classname="packages.atlas.tests.test_failure_surveillance" name="test_claim_posterior_rejects_out_of_range_values" time="0.000" /><testcase classname="packages.atlas.tests.test_failure_surveillance" name="test_detect_narrative_bleed_is_critical_abort" time="0.001" /><testcase classname="packages.atlas.tests.test_failure_surveillance" name="test_detect_sensitivity_blowup" time="0.000" /><testcase classname="packages.atlas.tests.test_failure_surveillance" name="test_detect_parameter_bounds_violation" time="0.000" /><testcase classname="packages.atlas.tests.test_failure_surveillance" name="test_hash_integrity_failure_only_records_on_mismatch" time="0.001" /><testcase classname="packages.atlas.tests.test_failure_surveillance" name="test_compute_health_counts_anomalies_by_severity" time="0.001" /><testcase classname="packages.atlas.tests.test_failure_surveillance" name="test_check_abort_conditions_emits_audit" time="0.001" /><testcase classname="packages.atlas.tests.test_failure_surveillance" name="test_kill_switch_is_local_state_and_audit_visible" time="0.001" /><testcase classname="packages.atlas.tests.test_failure_surveillance" name="test_reset_refuses_after_kill_switch" time="0.001" /><testcase classname="packages.atlas.tests.test_failure_surveillance" name="test_statistics_are_serializable_summary" time="0.001" /><testcase classname="packages.atlas.tests.test_failure_surveillance" name="test_singleton_reset_creates_fresh_instance" time="0.000" /><testcase classname="packages.atlas.tests.test_graph" name="test_graph_node_validation" time="0.001" /><testcase classname="packages.atlas.tests.test_graph" name="test_graph_edge_validation" time="0.001" /><testcase classname="packages.atlas.tests.test_graph" name="test_compute_centrality" time="0.000" /><testcase classname="packages.atlas.tests.test_graph" name="test_compute_centrality_rejects_unknown_edge_node" time="0.001" /><testcase classname="packages.atlas.tests.test_graph" name="test_compute_pagerank_is_normalized_and_deterministic" time="0.001" /><testcase classname="packages.atlas.tests.test_graph" name="test_compute_pagerank_validates_parameters" time="0.001" /><testcase classname="packages.atlas.tests.test_graph" name="test_compute_clustering_detects_closed_neighborhood" time="0.001" /><testcase classname="packages.atlas.tests.test_graph" name="test_detect_communities_groups_connected_components" time="0.001" /><testcase classname="packages.atlas.tests.test_graph" name="test_graph_builder_builds_from_dataclasses" time="0.001" /><testcase classname="packages.atlas.tests.test_graph" name="test_graph_builder_builds_from_legacy_mappings" time="0.001" /><testcase classname="packages.atlas.tests.test_graph" name="test_opinions_merge_into_existing_edges_and_clamp_weight" time="0.001" /><testcase classname="packages.atlas.tests.test_graph" name="test_build_graph_is_deterministic" time="0.001" /><testcase classname="packages.atlas.tests.test_graph" name="test_build_graph_rejects_duplicate_nodes" time="0.001" /><testcase classname="packages.atlas.tests.test_graph" name="test_build_graph_rejects_unknown_edge_endpoint" time="0.001" /><testcase classname="packages.atlas.tests.test_graph" name="test_build_graph_rejects_empty_graph" time="0.001" /><testcase classname="packages.atlas.tests.test_graph" name="test_graph_statistics_are_thread_safe" time="0.004" /><testcase classname="packages.atlas.tests.test_graph" name="test_graph_builder_audit_events" time="0.001" /><testcase classname="packages.atlas.tests.test_graph" name="test_graph_builder_audit_failure_event" time="0.001" /><testcase classname="packages.atlas.tests.test_graph" name="test_factory_and_reset" time="0.000" /><testcase classname="packages.atlas.tests.test_graph" name="test_community_validation" time="0.001" /><testcase classname="packages.atlas.tests.test_replay_system" name="test_bundle_hash_is_deterministic_and_bound_to_contents" time="0.001" /><testcase classname="packages.atlas.tests.test_replay_system" name="test_bundle_rejects_tampered_or_invalid_hash" time="0.001" /><testcase classname="packages.atlas.tests.test_replay_system" name="test_replay_system_does_not_create_default_filesystem_path" time="0.003" /><testcase classname="packages.atlas.tests.test_replay_system" name="test_verify_bundle_and_replay_summary_are_reconstructable" time="0.001" /><testcase classname="packages.atlas.tests.test_replay_system" name="test_replay_fails_closed_on_invalid_bundle" time="0.001" /><testcase classname="packages.atlas.tests.test_replay_system" name="test_save_and_load_bundle_are_explicit_filesystem_operations" time="0.004" /><testcase classname="packages.atlas.tests.test_replay_system" name="test_replay_system_can_emit_audit_events" time="0.001" /><testcase classname="packages.atlas.tests.test_replay_system" name="test_singleton_helpers_reset_replay_system" time="0.001" /><testcase classname="packages.atlas.tests.test_sensitivity" name="test_sobol_indices_minimal" time="0.000" /><testcase classname="packages.atlas.tests.test_sensitivity" name="test_sobol_indices_validates_blank_parameter_name" time="0.001" /><testcase classname="packages.atlas.tests.test_sensitivity" name="test_sobol_indices_validates_whitespace_name" time="0.000" /><testcase classname="packages.atlas.tests.test_sensitivity" name="test_sobol_indices_validates_first_order_nan" time="0.001" /><testcase classname="packages.atlas.tests.test_sensitivity" name="test_sobol_indices_validates_total_order_nan" time="0.001" /><testcase classname="packages.atlas.tests.test_sensitivity" name="test_sobol_indices_clamps_negative_to_zero" time="0.000" /><testcase classname="packages.atlas.tests.test_sensitivity" name="test_sobol_indices_clamps_above_one" time="0.000" /><testcase classname="packages.atlas.tests.test_sensitivity" name="test_sobol_indices_total_at_least_first" time="0.000" /><testcase classname="packages.atlas.tests.test_sensitivity" name="test_sobol_indices_is_influential" time="0.000" /><testcase classname="packages.atlas.tests.test_sensitivity" name="test_sobol_indices_is_influential_validates_threshold" time="0.001" /><testcase classname="packages.atlas.tests.test_sensitivity" name="test_sobol_indices_is_influential_zero_threshold" time="0.000" /><testcase classname="packages.atlas.tests.test_sensitivity" name="test_stability_metrics_stable" time="0.000" /><testcase classname="packages.atlas.tests.test_sensitivity" name="test_stability_metrics_unstable" time="0.000" /><testcase classname="packages.atlas.tests.test_sensitivity" name="test_stability_metrics_validates_all_finite_fields" time="0.001" /><testcase classname="packages.atlas.tests.test_sensitivity" name="test_stability_metrics_validates_inf_fields" time="0.001" /><testcase classname="packages.atlas.tests.test_sensitivity" name="test_stability_metrics_validates_is_stable_type" time="0.001" /><testcase classname="packages.atlas.tests.test_sensitivity" name="test_stability_metrics_validates_sha256_length" time="0.001" /><testcase classname="packages.atlas.tests.test_sensitivity" name="test_stability_metrics_validates_sha256_hex" time="0.001" /><testcase classname="packages.atlas.tests.test_sensitivity" name="test_tipping_point_minimal" time="0.000" /><testcase classname="packages.atlas.tests.test_sensitivity" name="test_tipping_point_validates_blank_driver_name" time="0.001" /><testcase classname="packages.atlas.tests.test_sensitivity" name="test_tipping_point_validates_threshold_nan" time="0.001" /><testcase classname="packages.atlas.tests.test_sensitivity" name="test_tipping_point_validates_before_state_type" time="0.001" /><testcase classname="packages.atlas.tests.test_sensitivity" name="test_tipping_point_validates_after_state_type" time="0.001" /><testcase classname="packages.atlas.tests.test_sensitivity" name="test_tipping_point_accepts_empty_strings" time="0.001" /><testcase classname="packages.atlas.tests.test_sensitivity" name="test_parameter_perturbation_minimal" time="0.000" /><testcase classname="packages.atlas.tests.test_sensitivity" name="test_parameter_perturbation_validates_blank_name" time="0.000" /><testcase classname="packages.atlas.tests.test_sensitivity" name="test_parameter_perturbation_validates_all_finite" time="0.001" /><testcase classname="packages.atlas.tests.test_sensitivity" name="test_parameter_perturbation_validates_inf" time="0.000" /><testcase classname="packages.atlas.tests.test_sensitivity" name="test_sensitivity_report_minimal" time="0.000" /><testcase classname="packages.atlas.tests.test_sensitivity" name="test_sensitivity_report_validates_sobol_tuple" time="0.001" /><testcase classname="packages.atlas.tests.test_sensitivity" name="test_sensitivity_report_validates_sobol_items" time="0.001" /><testcase classname="packages.atlas.tests.test_sensitivity" name="test_sensitivity_report_validates_stability_type" time="0.001" /><testcase classname="packages.atlas.tests.test_sensitivity" name="test_sensitivity_report_validates_perturbations_type" time="0.001" /><testcase classname="packages.atlas.tests.test_sensitivity" name="test_sensitivity_report_validates_correlation_id" time="0.001" /><testcase classname="packages.atlas.tests.test_sensitivity" name="test_sensitivity_report_validates_sha256_length" time="0.001" /><testcase classname="packages.atlas.tests.test_sensitivity" name="test_sensitivity_report_validates_sha256_hex" time="0.001" /><testcase classname="packages.atlas.tests.test_sensitivity" name="test_sensitivity_report_validates_audit_emitted_type" time="0.001" /><testcase classname="packages.atlas.tests.test_sensitivity" name="test_compute_sobol_indices_validates_not_ndarray" time="0.001" /><testcase classname="packages.atlas.tests.test_sensitivity" name="test_compute_sobol_indices_validates_2d" time="0.001" /><testcase classname="packages.atlas.tests.test_sensitivity" name="test_compute_sobol_indices_validates_column_count" time="0.001" /><testcase classname="packages.atlas.tests.test_sensitivity" name="test_compute_sobol_indices_validates_min_rows" time="0.001" /><testcase classname="packages.atlas.tests.test_sensitivity" name="test_compute_sobol_indices_validates_nan_samples" time="0.001" /><testcase classname="packages.atlas.tests.test_sensitivity" name="test_compute_sobol_indices_validates_nan_outputs" time="0.001" /><testcase classname="packages.atlas.tests.test_sensitivity" name="test_compute_sobol_indices_validates_blank_param_name" time="0.002" /><testcase classname="packages.atlas.tests.test_sensitivity" name="test_compute_sobol_indices_validates_output_dim" time="0.001" /><testcase classname="packages.atlas.tests.test_sensitivity" name="test_compute_sobol_indices_validates_output_length" time="0.001" /><testcase classname="packages.atlas.tests.test_sensitivity" name="test_compute_sobol_indices_constant_outputs_zero_indices" time="0.001" /><testcase classname="packages.atlas.tests.test_sensitivity" name="test_compute_sobol_indices_returns_correct_count" time="0.001" /><testcase classname="packages.atlas.tests.test_sensitivity" name="test_compute_sobol_indices_first_le_total" time="0.001" /><testcase classname="packages.atlas.tests.test_sensitivity" name="test_compute_stability_metrics_validates_not_ndarray" time="0.001" /><testcase classname="packages.atlas.tests.test_sensitivity" name="test_compute_stability_metrics_validates_2d" time="0.000" /><testcase classname="packages.atlas.tests.test_sensitivity" name="test_compute_stability_metrics_validates_square" time="0.001" /><testcase classname="packages.atlas.tests.test_sensitivity" name="test_compute_stability_metrics_validates_nonempty" time="0.001" /><testcase classname="packages.atlas.tests.test_sensitivity" name="test_compute_stability_metrics_validates_nan" time="0.001" /><testcase classname="packages.atlas.tests.test_sensitivity" name="test_compute_stability_metrics_validates_inf" time="0.001" /><testcase classname="packages.atlas.tests.test_sensitivity" name="test_compute_stability_identity_is_stable" time="0.001" /><testcase classname="packages.atlas.tests.test_sensitivity" name="test_compute_stability_zero_is_stable" time="0.001" /><testcase classname="packages.atlas.tests.test_sensitivity" name="test_compute_stability_diag_small_is_stable" time="0.001" /><testcase classname="packages.atlas.tests.test_sensitivity" name="test_compute_stability_diag_large_unstable" time="0.001" /><testcase classname="packages.atlas.tests.test_sensitivity" name="test_compute_stability_complex_eigenvalues" time="0.001" /><testcase classname="packages.atlas.tests.test_sensitivity" name="test_compute_stability_matrix_sha256_changes_with_input" time="0.001" /><testcase classname="packages.atlas.tests.test_sensitivity" name="test_compute_stability_matrix_sha256_deterministic" time="0.001" /><testcase classname="packages.atlas.tests.test_sensitivity" name="test_compute_stability_decay_rate_zero_for_zero_matrix" time="0.001" /><testcase classname="packages.atlas.tests.test_sensitivity" name="test_compute_stability_singular_matrix_raises" time="0.001" /><testcase classname="packages.atlas.tests.test_sensitivity" name="test_compute_perturbations_basic" time="0.001" /><testcase classname="packages.atlas.tests.test_sensitivity" name="test_compute_perturbations_validates_claim_type" time="0.001" /><testcase classname="packages.atlas.tests.test_sensitivity" name="test_compute_perturbations_validates_evidence_tuple" time="0.001" /><testcase classname="packages.atlas.tests.test_sensitivity" name="test_compute_perturbations_validates_drivers_dict" time="0.001" /><testcase classname="packages.atlas.tests.test_sensitivity" name="test_compute_perturbations_validates_empty_drivers" time="0.001" /><testcase classname="packages.atlas.tests.test_sensitivity" name="test_compute_perturbations_validates_blank_driver_name" time="0.001" /><testcase classname="packages.atlas.tests.test_sensitivity" name="test_compute_perturbations_validates_nan_driver" time="0.001" /><testcase classname="packages.atlas.tests.test_sensitivity" name="test_compute_perturbations_validates_delta_positive" time="0.001" /><testcase classname="packages.atlas.tests.test_sensitivity" name="test_compute_perturbations_clamps_above_one" time="0.001" /><testcase classname="packages.atlas.tests.test_sensitivity" name="test_compute_perturbations_handles_zero_baseline" time="0.001" /><testcase classname="packages.atlas.tests.test_sensitivity" name="test_compute_perturbations_posterior_change_can_be_zero" time="0.001" /><testcase classname="packages.atlas.tests.test_sensitivity" name="test_find_tipping_points_basic" time="0.000" /><testcase classname="packages.atlas.tests.test_sensitivity" name="test_find_tipping_points_none_above" time="0.071" /><testcase classname="packages.atlas.tests.test_sensitivity" name="test_find_tipping_points_all_above" time="0.001" /><testcase classname="packages.atlas.tests.test_sensitivity" name="test_find_tipping_points_validates_dict_type" time="0.001" /><testcase classname="packages.atlas.tests.test_sensitivity" name="test_find_tipping_points_validates_callable" time="0.001" /><testcase classname="packages.atlas.tests.test_sensitivity" name="test_find_tipping_points_validates_blank_name" time="0.000" /><testcase classname="packages.atlas.tests.test_sensitivity" name="test_find_tipping_points_validates_nan_value" time="0.001" /><testcase classname="packages.atlas.tests.test_sensitivity" name="test_find_tipping_points_threshold_exception_caught" time="0.001" /><testcase classname="packages.atlas.tests.test_sensitivity" name="test_find_tipping_points_returns_tuple" time="0.000" /><testcase classname="packages.atlas.tests.test_sensitivity" name="test_analyzer_constructor_validates_callback" time="0.001" /><testcase classname="packages.atlas.tests.test_sensitivity" name="test_analyzer_constructor_accepts_none" time="0.001" /><testcase classname="packages.atlas.tests.test_sensitivity" name="test_analyzer_compute_sobol_delegates" time="0.001" /><testcase classname="packages.atlas.tests.test_sensitivity" name="test_analyzer_compute_stability_delegates" time="0.001" /><testcase classname="packages.atlas.tests.test_sensitivity" name="test_analyzer_compute_perturbations_delegates" time="0.001" /><testcase classname="packages.atlas.tests.test_sensitivity" name="test_analyzer_find_tipping_delegates" time="0.001" /><testcase classname="packages.atlas.tests.test_sensitivity" name="test_analyze_sensitivity_minimal" time="0.001" /><testcase classname="packages.atlas.tests.test_sensitivity" name="test_analyze_sensitivity_with_stability" time="0.001" /><testcase classname="packages.atlas.tests.test_sensitivity" name="test_analyze_sensitivity_with_sobol" time="0.001" /><testcase classname="packages.atlas.tests.test_sensitivity" name="test_analyze_sensitivity_with_tipping" time="0.001" /><testcase classname="packages.atlas.tests.test_sensitivity" name="test_analyze_sensitivity_full_e2e" time="0.001" /><testcase classname="packages.atlas.tests.test_sensitivity" name="test_analyze_sensitivity_with_audit_callback" time="0.001" /><testcase classname="packages.atlas.tests.test_sensitivity" name="test_analyze_sensitivity_audit_callback_exception_handled" time="0.001" /><testcase classname="packages.atlas.tests.test_sensitivity" name="test_analyze_sensitivity_custom_correlation_id" time="0.001" /><testcase classname="packages.atlas.tests.test_sensitivity" name="test_analyze_sensitivity_deterministic_without_audit" time="0.001" /><testcase classname="packages.atlas.tests.test_sensitivity" name="test_analyze_sensitivity_sha256_includes_subordination_notice" time="0.001" /><testcase classname="packages.atlas.tests.test_sensitivity" name="test_get_sensitivity_analyzer_factory" time="0.000" /><testcase classname="packages.atlas.tests.test_sensitivity" name="test_get_sensitivity_analyzer_with_audit" time="0.001" /><testcase classname="packages.atlas.tests.test_sensitivity" name="test_subordination_notice_in_all_results" time="0.001" /><testcase classname="packages.atlas.tests.test_sensitivity" name="test_sobol_indices_deterministic_given_samples" time="0.001" /><testcase classname="packages.atlas.tests.test_sensitivity" name="test_stability_metrics_deterministic" time="0.001" /><testcase classname="packages.atlas.tests.test_sensitivity" name="test_perturbations_deterministic" time="0.001" /><testcase classname="packages.atlas.tests.test_sensitivity" name="test_module_exports_complete" time="0.000" /><testcase classname="packages.atlas.tests.test_sensitivity" name="test_module_rejects_unknown_attribute" time="0.001" /><testcase classname="packages.atlas.tests.test_sludge_sandbox" name="test_sludge_narrative_validates_stack_and_banner" time="0.001" /><testcase classname="packages.atlas.tests.test_sludge_sandbox" name="test_sandbox_does_not_create_default_filesystem_path" time="0.003" /><testcase classname="packages.atlas.tests.test_sludge_sandbox" name="test_generate_narrative_is_deterministic_and_strips_rs_content" time="0.001" /><testcase classname="packages.atlas.tests.test_sludge_sandbox" name="test_generate_narrative_accepts_explicit_archetypes" time="0.001" /><testcase classname="packages.atlas.tests.test_sludge_sandbox" name="test_generate_narrative_rejects_non_rs_snapshots" time="0.001" /><testcase classname="packages.atlas.tests.test_sludge_sandbox" name="test_generate_narrative_rejects_empty_snapshot" time="0.001" /><testcase classname="packages.atlas.tests.test_sludge_sandbox" name="test_sandbox_audit_events_are_hash_chained" time="0.001" /><testcase classname="packages.atlas.tests.test_sludge_sandbox" name="test_validate_no_contamination_rejects_sludge_markers_in_rs" time="0.001" /><testcase classname="packages.atlas.tests.test_sludge_sandbox" name="test_validate_no_contamination_allows_sludge_markers_in_ss" time="0.000" /><testcase classname="packages.atlas.tests.test_sludge_sandbox" name="test_singleton_reset_creates_fresh_instance" time="0.000" /><testcase classname="packages.atlas.tests.test_temporal_graph" name="test_temporal_node_validation_and_immutability" time="0.001" /><testcase classname="packages.atlas.tests.test_temporal_graph" name="test_temporal_edge_validation_and_decay" time="0.001" /><testcase classname="packages.atlas.tests.test_temporal_graph" name="test_graph_adds_nodes_and_edges_fail_closed" time="0.001" /><testcase classname="packages.atlas.tests.test_temporal_graph" name="test_snapshot_creation_is_deterministic_and_hash_bound" time="0.001" /><testcase classname="packages.atlas.tests.test_temporal_graph" name="test_snapshot_merkle_chain_verifies_and_detects_tamper" time="0.001" /><testcase classname="packages.atlas.tests.test_temporal_graph" name="test_adjacency_matrix_is_ordered_and_weighted" time="0.001" /><testcase classname="packages.atlas.tests.test_temporal_graph" name="test_compute_temporal_changes_added_removed_changed" time="0.001" /><testcase classname="packages.atlas.tests.test_temporal_graph" name="test_track_evolution_pairs_snapshot_hashes_with_changes" time="0.001" /><testcase classname="packages.atlas.tests.test_temporal_graph" name="test_graph_audit_events" time="0.001" /><testcase classname="packages.atlas.tests.test_temporal_graph" name="test_graph_audit_failure_event" time="0.001" /><testcase classname="packages.atlas.tests.test_temporal_graph" name="test_snapshot_count_is_thread_safe" time="0.003" /><testcase classname="packages.atlas.tests.test_temporal_graph" name="test_factory_and_reset" time="0.001" /><testcase classname="packages.audit.tests.test_audit_chain" name="test_genesis_hash_is_64_zeros" time="0.000" /><testcase classname="packages.audit.tests.test_audit_chain" name="test_audit_event_hash_payload_excludes_event_hash" time="0.000" /><testcase classname="packages.audit.tests.test_audit_chain" name="test_audit_event_round_trip_through_record" time="0.000" /><testcase classname="packages.audit.tests.test_audit_chain" name="test_audit_log_starts_empty" time="0.000" /><testcase classname="packages.audit.tests.test_audit_chain" name="test_audit_log_first_event_uses_genesis_previous_hash" time="0.000" /><testcase classname="packages.audit.tests.test_audit_chain" name="test_audit_log_chain_links_events" time="0.001" /><testcase classname="packages.audit.tests.test_audit_chain" name="test_audit_chain_tampering_detected" time="0.000" /><testcase classname="packages.audit.tests.test_audit_chain" name="test_audit_chain_breaks_on_previous_hash_tampering" time="0.001" /><testcase classname="packages.audit.tests.test_audit_chain" name="test_file_audit_log_persists_across_reload" time="0.005" /><testcase classname="packages.audit.tests.test_audit_chain" name="test_file_audit_log_tampering_blocks_reload" time="0.005" /><testcase classname="packages.audit.tests.test_audit_chain" name="test_file_audit_log_rolls_back_on_write_failure" time="0.005" /><testcase classname="packages.audit.tests.test_audit_chain" name="test_audit_log_with_no_events_verifies_as_valid" time="0.000" /><testcase classname="packages.canonical.tests.test_canonical_state" name="test_empty_factory_creates_blank_state" time="0.000" /><testcase classname="packages.canonical.tests.test_canonical_state" name="test_canonical_state_to_record_has_three_keys" time="0.000" /><testcase classname="packages.canonical.tests.test_canonical_state" name="test_canonical_state_round_trip_through_record" time="0.000" /><testcase classname="packages.canonical.tests.test_canonical_state" name="test_canonical_state_from_record_with_empty_data" time="0.000" /><testcase classname="packages.canonical.tests.test_canonical_state" name="test_canonical_state_from_record_rejects_non_dict_policy" time="0.001" /><testcase classname="packages.canonical.tests.test_canonical_state" name="test_file_canonical_store_save_creates_file" time="0.004" /><testcase classname="packages.canonical.tests.test_canonical_state" name="test_file_canonical_store_round_trip" time="0.004" /><testcase classname="packages.canonical.tests.test_canonical_state" name="test_file_canonical_store_load_missing_file_raises" time="0.003" /><testcase classname="packages.canonical.tests.test_canonical_state" name="test_file_canonical_store_load_corrupt_file_raises" time="0.005" /><testcase classname="packages.canonical.tests.test_canonical_state" name="test_file_canonical_store_load_non_object_raises" time="0.005" /><testcase classname="packages.canonical.tests.test_canonical_state" name="test_file_canonical_store_atomic_write" time="0.005" /><testcase classname="packages.canonical.tests.test_canonical_state" name="test_canonical_state_with_no_identities_can_be_saved" time="0.004" /><testcase classname="packages.canonical.tests.test_canonical_state" name="test_canonical_state_deny_rules_round_trip" time="0.004" /><testcase classname="packages.canonical.tests.test_governed_action" name="test_submit_action_allowed_when_identity_and_policy_pass" time="0.001" /><testcase classname="packages.canonical.tests.test_governed_action" name="test_submit_action_denies_missing_identity" time="0.000" /><testcase classname="packages.canonical.tests.test_governed_action" name="test_submit_action_denies_none_actor_id" time="0.001" /><testcase classname="packages.canonical.tests.test_governed_action" name="test_submit_action_denies_inactive_identity" time="0.001" /><testcase classname="packages.canonical.tests.test_governed_action" name="test_submit_action_denies_when_policy_denies" time="0.001" /><testcase classname="packages.canonical.tests.test_governed_action" name="test_submit_action_audit_chain_is_hash_linked" time="0.001" /><testcase classname="packages.canonical.tests.test_governed_action" name="test_submit_action_audit_log_records_denial_in_chain" time="0.001" /><testcase classname="packages.canonical.tests.test_governed_action" name="test_governed_action_result_is_immutable" time="0.001" /><testcase classname="packages.canonical.tests.test_governed_action" name="test_submit_action_with_file_audit_log" time="0.004" /><testcase classname="packages.capability.tests.test_authority" name="test_issue_verify_and_consume_exact_scope" time="0.001" /><testcase classname="packages.capability.tests.test_authority" name="test_scope_mismatch_denies[other-write-record:1]" time="0.001" /><testcase classname="packages.capability.tests.test_authority" name="test_scope_mismatch_denies[operator-delete-record:1]" time="0.001" /><testcase classname="packages.capability.tests.test_authority" name="test_scope_mismatch_denies[operator-write-record:2]" time="0.001" /><testcase classname="packages.capability.tests.test_authority" name="test_expiry_revocation_and_signature_tamper_deny" time="0.001" /><testcase classname="packages.capability.tests.test_authority" name="test_malformed_token_denies[]" time="0.001" /><testcase classname="packages.capability.tests.test_authority" name="test_malformed_token_denies[one.two.three]" time="0.001" /><testcase classname="packages.capability.tests.test_authority" name="test_malformed_token_denies[one.***]" time="0.001" /><testcase classname="packages.capability.tests.test_authority" name="test_issuance_and_configuration_validation" time="0.001" /><testcase classname="packages.cerberus.tests.test_cerberus_agent" name="test_agent_constructs_with_valid_inputs" time="0.001" /><testcase classname="packages.cerberus.tests.test_cerberus_agent" name="test_agent_rejects_empty_agent_id" time="0.001" /><testcase classname="packages.cerberus.tests.test_cerberus_agent" name="test_agent_rejects_unknown_role" time="0.001" /><testcase classname="packages.cerberus.tests.test_cerberus_agent" name="test_agent_rejects_unknown_initial_state" time="0.001" /><testcase classname="packages.cerberus.tests.test_cerberus_agent" name="test_agent_accepts_explicit_initial_state" time="0.001" /><testcase classname="packages.cerberus.tests.test_cerberus_agent" name="test_agent_transition_is_atomic" time="0.001" /><testcase classname="packages.cerberus.tests.test_cerberus_agent" name="test_agent_transition_rejects_unknown_state" time="0.001" /><testcase classname="packages.cerberus.tests.test_cerberus_agent" name="test_agent_transition_with_stale_revision_raises" time="0.001" /><testcase classname="packages.cerberus.tests.test_cerberus_agent" name="test_allowed_roles_includes_required_set" time="0.000" /><testcase classname="packages.cerberus.tests.test_cerberus_agent" name="test_allowed_agent_states_includes_required_set" time="0.000" /><testcase classname="packages.cerberus.tests.test_cerberus_lockdown" name="test_controller_starts_armed" time="0.001" /><testcase classname="packages.cerberus.tests.test_cerberus_lockdown" name="test_controller_rejects_unknown_initial_state" time="0.000" /><testcase classname="packages.cerberus.tests.test_cerberus_lockdown" name="test_activate_sets_active_and_reason" time="0.001" /><testcase classname="packages.cerberus.tests.test_cerberus_lockdown" name="test_activate_rejects_unknown_reason" time="0.001" /><testcase classname="packages.cerberus.tests.test_cerberus_lockdown" name="test_allowed_reasons_includes_required_set" time="0.000" /><testcase classname="packages.cerberus.tests.test_cerberus_lockdown" name="test_release_returns_to_released" time="0.001" /><testcase classname="packages.cerberus.tests.test_cerberus_lockdown" name="test_check_or_raise_passes_when_armed" time="0.000" /><testcase classname="packages.cerberus.tests.test_cerberus_lockdown" name="test_evaluate_and_activate_on_high_denial_count" time="0.001" /><testcase classname="packages.cerberus.tests.test_cerberus_lockdown" name="test_evaluate_and_activate_on_signal" time="0.001" /><testcase classname="packages.cerberus.tests.test_cerberus_lockdown" name="test_check_or_raise_blocks_when_already_active" time="0.001" /><testcase classname="packages.cerberus.tests.test_cerberus_lockdown" name="test_evaluate_and_activate_no_op_below_threshold" time="0.000" /><testcase classname="packages.cerberus.tests.test_cerberus_lockdown" name="test_default_trigger_threshold_is_3" time="0.000" /><testcase classname="packages.cerberus.tests.test_cerberus_lockdown" name="test_default_trigger_signal_overrides_count" time="0.000" /><testcase classname="packages.cerberus.tests.test_cerberus_spawn_constraints" name="test_default_policy_accepts_valid_spawn" time="0.000" /><testcase classname="packages.cerberus.tests.test_cerberus_spawn_constraints" name="test_default_policy_rejects_unknown_agent_type" time="0.000" /><testcase classname="packages.cerberus.tests.test_cerberus_spawn_constraints" name="test_default_policy_rejects_empty_capability" time="0.000" /><testcase classname="packages.cerberus.tests.test_cerberus_spawn_constraints" name="test_default_policy_rejects_cycle_in_parent_chain" time="0.000" /><testcase classname="packages.cerberus.tests.test_cerberus_spawn_constraints" name="test_default_policy_accepts_long_no_cycle_chain" time="0.000" /><testcase classname="packages.cerberus.tests.test_cerberus_spawn_constraints" name="test_allowed_agent_types_includes_required_set" time="0.000" /><testcase classname="packages.cerberus.tests.test_cerberus_spawn_constraints" name="test_constraints_starts_armed" time="0.001" /><testcase classname="packages.cerberus.tests.test_cerberus_spawn_constraints" name="test_evaluate_does_not_mutate_state" time="0.001" /><testcase classname="packages.cerberus.tests.test_cerberus_spawn_constraints" name="test_request_spawn_appends_to_history_on_approval" time="0.001" /><testcase classname="packages.cerberus.tests.test_cerberus_spawn_constraints" name="test_request_spawn_raises_on_policy_denial" time="0.001" /><testcase classname="packages.cerberus.tests.test_cerberus_spawn_constraints" name="test_request_spawn_rejects_empty_agent_id" time="0.001" /><testcase classname="packages.cerberus.tests.test_cerberus_spawn_constraints" name="test_request_spawn_rejects_cycle_in_parent_chain" time="0.000" /><testcase classname="packages.cerberus.tests.test_cerberus_spawn_constraints" name="test_request_spawn_atomic_denied_does_not_bump_revision" time="0.001" /><testcase classname="packages.cerberus.tests.test_cerberus_spawn_constraints" name="test_pluggable_policy_can_be_strict" time="0.000" /><testcase classname="packages.cerberus.tests.test_cerberus_spawn_constraints" name="test_pluggable_policy_can_be_permissive" time="0.001" /><testcase classname="packages.cli.tests.test_cli" name="test_public_commands_use_get_gateway_routes[health-/health/live]" time="0.020" /><testcase classname="packages.cli.tests.test_cli" name="test_public_commands_use_get_gateway_routes[dois-/dois]" time="0.007" /><testcase classname="packages.cli.tests.test_cli" name="test_public_commands_use_get_gateway_routes[replay-/replay/status]" time="0.007" /><testcase classname="packages.cli.tests.test_cli" name="test_public_commands_use_get_gateway_routes[atlas-status-/atlas/status]" time="0.007" /><testcase classname="packages.cli.tests.test_cli" name="test_audit_is_protected_and_bounded" time="0.407" /><testcase classname="packages.cli.tests.test_cli" name="test_verdict_accepts_only_canonical_outcomes" time="0.016" /><testcase classname="packages.cli.tests.test_cli" name="test_canary_reads_secret_from_file_not_arguments" time="0.012" /><testcase classname="packages.cli.tests.test_cli" name="test_atlas_sludge_reads_snapshot_file_and_uses_protected_gateway" time="0.011" /><testcase classname="packages.cli.tests.test_cli" name="test_atlas_sludge_rejects_non_object_snapshot_before_gateway" time="0.012" /><testcase classname="packages.cli.tests.test_cli" name="test_empty_canary_file_fails_before_gateway" time="0.011" /><testcase classname="packages.cli.tests.test_cli" name="test_gateway_error_is_concise_and_nonzero" time="0.008" /><testcase classname="packages.cli.tes
[...]
e_integration" name="test_audit_log_appended_on_evaluate" time="0.001" /><testcase classname="tests.test_swr_governance_integration" name="test_audit_log_default_id_is_unknown" time="0.001" /><testcase classname="tests.test_swr_governance_integration" name="test_audit_log_limit" time="0.001" /><testcase classname="tests.test_swr_governance_integration" name="test_export_audit_log_to_json" time="0.003" /><testcase classname="tests.test_swr_proof_integration" name="test_proof_dataclass_has_expected_fields" time="0.001" /><testcase classname="tests.test_swr_proof_integration" name="test_proof_timestamp_set_automatically" time="0.001" /><testcase classname="tests.test_swr_proof_integration" name="test_proof_to_dict_round_trips" time="0.001" /><testcase classname="tests.test_swr_proof_integration" name="test_proof_is_frozen" time="0.001" /><testcase classname="tests.test_swr_proof_integration" name="test_generate_decision_proof_returns_proof" time="0.001" /><testcase classname="tests.test_swr_proof_integration" name="test_generate_decision_proof_id_is_16_hex" time="0.001" /><testcase classname="tests.test_swr_proof_integration" name="test_generate_decision_proof_commitment_is_sha3_512" time="0.001" /><testcase classname="tests.test_swr_proof_integration" name="test_generate_decision_proof_stored_in_proof_store" time="0.001" /><testcase classname="tests.test_swr_proof_integration" name="test_generate_decision_proof_with_no_governance" time="0.001" /><testcase classname="tests.test_swr_proof_integration" name="test_generate_decision_proof_compliant_status" time="0.001" /><testcase classname="tests.test_swr_proof_integration" name="test_generate_compliance_proof_returns_proof" time="0.001" /><testcase classname="tests.test_swr_proof_integration" name="test_generate_compliance_proof_includes_violations" time="0.001" /><testcase classname="tests.test_swr_proof_integration" name="test_generate_audit_proof_returns_proof" time="0.001" /><testcase classname="tests.test_swr_proof_integration" name="test_generate_audit_proof_counts_entries" time="0.001" /><testcase classname="tests.test_swr_proof_integration" name="test_generate_audit_proof_integrity_hash" time="0.001" /><testcase classname="tests.test_swr_proof_integration" name="test_verify_proof_valid" time="0.001" /><testcase classname="tests.test_swr_proof_integration" name="test_verify_proof_tampered_witness" time="0.001" /><testcase classname="tests.test_swr_proof_integration" name="test_verify_proof_tampered_statement" time="0.001" /><testcase classname="tests.test_swr_proof_integration" name="test_verify_proof_reveal_witness" time="0.001" /><testcase classname="tests.test_swr_proof_integration" name="test_verify_decision_against_scenario_match" time="0.001" /><testcase classname="tests.test_swr_proof_integration" name="test_verify_decision_against_scenario_case_insensitive" time="0.001" /><testcase classname="tests.test_swr_proof_integration" name="test_verify_decision_against_scenario_no_match" time="0.001" /><testcase classname="tests.test_swr_proof_integration" name="test_verify_decision_against_scenario_wrong_type" time="0.001" /><testcase classname="tests.test_swr_proof_integration" name="test_get_proof_unknown" time="0.001" /><testcase classname="tests.test_swr_proof_integration" name="test_list_proofs_empty" time="0.001" /><testcase classname="tests.test_swr_proof_integration" name="test_list_proofs_all" time="0.001" /><testcase classname="tests.test_swr_proof_integration" name="test_list_proofs_filter_by_type" time="0.001" /><testcase classname="tests.test_swr_proof_integration" name="test_list_proofs_filter_by_scenario" time="0.001" /><testcase classname="tests.test_swr_proof_integration" name="test_export_and_import_proof_round_trip" time="0.004" /><testcase classname="tests.test_swr_proof_integration" name="test_generate_proof_chain_empty" time="0.001" /><testcase classname="tests.test_swr_proof_integration" name="test_generate_proof_chain_single" time="0.001" /><testcase classname="tests.test_swr_proof_integration" name="test_generate_proof_chain_even_count" time="0.001" /><testcase classname="tests.test_swr_proof_integration" name="test_generate_proof_chain_odd_count" time="0.001" /><testcase classname="tests.test_swr_proof_integration" name="test_generate_proof_chain_deterministic" time="0.001" /><testcase classname="tests.test_swr_scoreboard_bundle_integration" name="test_score_dataclass_has_expected_fields" time="0.001" /><testcase classname="tests.test_swr_scoreboard_bundle_integration" name="test_score_timestamp_set_automatically" time="0.001" /><testcase classname="tests.test_swr_scoreboard_bundle_integration" name="test_score_clamps_oversized_values" time="0.001" /><testcase classname="tests.test_swr_scoreboard_bundle_integration" name="test_score_clamps_negative_values" time="0.001" /><testcase classname="tests.test_swr_scoreboard_bundle_integration" name="test_calculate_score_perfect_response" time="0.001" /><testcase classname="tests.test_swr_scoreboard_bundle_integration" name="test_calculate_score_wrong_decision" time="0.001" /><testcase classname="tests.test_swr_scoreboard_bundle_integration" name="test_calculate_score_case_insensitive" time="0.001" /><testcase classname="tests.test_swr_scoreboard_bundle_integration" name="test_calculate_score_with_violation" time="0.001" /><testcase classname="tests.test_swr_scoreboard_bundle_integration" name="test_calculate_score_with_warnings" time="0.001" /><testcase classname="tests.test_swr_scoreboard_bundle_integration" name="test_calculate_score_time_penalty" time="0.001" /><testcase classname="tests.test_swr_scoreboard_bundle_integration" name="test_calculate_score_security_bonus" time="0.001" /><testcase classname="tests.test_swr_scoreboard_bundle_integration" name="test_calculate_score_security_violation_penalty" time="0.001" /><testcase classname="tests.test_swr_scoreboard_bundle_integration" name="test_calculate_score_coordination_na" time="0.001" /><testcase classname="tests.test_swr_scoreboard_bundle_integration" name="test_calculate_score_black_swan_with_decision" time="0.001" /><testcase classname="tests.test_swr_scoreboard_bundle_integration" name="test_calculate_score_srs_formula" time="0.001" /><testcase classname="tests.test_swr_scoreboard_bundle_integration" name="test_get_leaderboard_empty" time="0.001" /><testcase classname="tests.test_swr_scoreboard_bundle_integration" name="test_get_leaderboard_single_system" time="0.001" /><testcase classname="tests.test_swr_scoreboard_bundle_integration" name="test_get_leaderboard_sorted_by_avg_srs" time="0.001" /><testcase classname="tests.test_swr_scoreboard_bundle_integration" name="test_get_leaderboard_respects_limit" time="0.001" /><testcase classname="tests.test_swr_scoreboard_bundle_integration" name="test_get_system_performance_unknown" time="0.000" /><testcase classname="tests.test_swr_scoreboard_bundle_integration" name="test_get_system_performance_known" time="0.001" /><testcase classname="tests.test_swr_scoreboard_bundle_integration" name="test_get_scenario_statistics_unknown" time="0.000" /><testcase classname="tests.test_swr_scoreboard_bundle_integration" name="test_get_scenario_statistics_known" time="0.001" /><testcase classname="tests.test_swr_scoreboard_bundle_integration" name="test_bundle_manager_creates_directory" time="0.004" /><testcase classname="tests.test_swr_scoreboard_bundle_integration" name="test_create_scenario_bundle_returns_path" time="0.011" /><testcase classname="tests.test_swr_scoreboard_bundle_integration" name="test_load_scenario_bundle_round_trips" time="0.021" /><testcase classname="tests.test_swr_scoreboard_bundle_integration" name="test_load_scenario_bundle_preserves_metadata" time="0.014" /><testcase classname="tests.test_swr_scoreboard_bundle_integration" name="test_load_scenario_bundle_missing_file_raises" time="0.002" /><testcase classname="tests.test_swr_scoreboard_bundle_integration" name="test_load_scenario_bundle_tampered_raises" time="0.016" /><testcase classname="tests.test_swr_scoreboard_bundle_integration" name="test_verify_bundle_integrity_valid" time="0.013" /><testcase classname="tests.test_swr_scoreboard_bundle_integration" name="test_verify_bundle_integrity_tampered" time="0.017" /><testcase classname="tests.test_swr_scoreboard_bundle_integration" name="test_verify_bundle_integrity_missing" time="0.002" /><testcase classname="tests.test_swr_scoreboard_bundle_integration" name="test_list_bundles_empty" time="0.002" /><testcase classname="tests.test_swr_scoreboard_bundle_integration" name="test_list_bundles_returns_metadata" time="0.028" /><testcase classname="tests.test_swr_scoreboard_bundle_integration" name="test_list_bundles_skips_invalid" time="0.018" /><testcase classname="tests.test_swr_scoreboard_bundle_integration" name="test_create_ai_system_package_returns_path" time="0.006" /><testcase classname="tests.test_swr_scoreboard_bundle_integration" name="test_create_ai_system_package_preserves_data" time="0.006" /><testcase classname="tests.test_swr_scoreboard_bundle_integration" name="test_create_ai_system_package_includes_files" time="0.011" /><testcase classname="tests.test_swr_scoreboard_bundle_integration" name="test_export_results_json" time="0.003" /><testcase classname="tests.test_swr_scoreboard_bundle_integration" name="test_export_results_csv" time="0.003" /><testcase classname="tests.test_swr_scoreboard_bundle_integration" name="test_export_results_unsupported_format_raises" time="0.002" /><testcase classname="tests.test_swr_tscg_b_spec_integration" name="test_tscg_b_spec_exposed_via_init" time="0.000" /><testcase classname="tests.test_swr_tscg_b_spec_integration" name="test_expected_text_is_documented_shape" time="0.000" /><testcase classname="tests.test_swr_tscg_b_spec_integration" name="test_expected_sha256_matches_text" time="0.000" /><testcase classname="tests.test_swr_tscg_b_spec_integration" name="test_tscg_b_file_bundled_with_package" time="0.001" /><testcase classname="tests.test_swr_tscg_b_spec_integration" name="test_load_spec_returns_spec" time="0.001" /><testcase classname="tests.test_swr_tscg_b_spec_integration" name="test_load_spec_frame_size_is_expected" time="0.001" /><testcase classname="tests.test_swr_tscg_b_spec_integration" name="test_load_spec_frame_starts_with_magic" time="0.001" /><testcase classname="tests.test_swr_tscg_b_spec_integration" name="test_load_spec_frame_version_is_1" time="0.001" /><testcase classname="tests.test_swr_tscg_b_spec_integration" name="test_load_spec_frame_payload_matches_text" time="0.001" /><testcase classname="tests.test_swr_tscg_b_spec_integration" name="test_load_spec_payload_length_is_28" time="0.001" /><testcase classname="tests.test_swr_tscg_b_spec_integration" name="test_load_spec_payload_sha256_matches" time="0.001" /><testcase classname="tests.test_swr_tscg_b_spec_integration" name="test_load_spec_frame_sha256_is_deterministic" time="0.001" /><testcase classname="tests.test_swr_tscg_b_spec_integration" name="test_load_spec_frame_path_is_absolute" time="0.001" /><testcase classname="tests.test_swr_tscg_b_spec_integration" name="test_load_spec_crc32_is_present" time="0.001" /><testcase classname="tests.test_swr_tscg_b_spec_integration" name="test_tscg_b_swr_spec_error_is_runtime_error" time="0.000" /><testcase classname="tests.test_swr_tscg_b_spec_integration" name="test_load_spec_does_not_raise_on_success" time="0.001" /><testcase classname="tests.test_swr_tscg_b_spec_integration" name="test_load_spec_can_skip_bundling" time="0.001" /><testcase classname="tests.test_swr_verify_quality_tarl_integration" name="test_tarl_file_exists" time="0.001" /><testcase classname="tests.test_swr_verify_quality_tarl_integration" name="test_fleet_doc_exists" time="0.001" /><testcase classname="tests.test_swr_verify_quality_tarl_integration" name="test_group2_doc_exists" time="0.001" /><testcase classname="tests.test_swr_verify_quality_tarl_integration" name="test_tarl_has_project_declaration" time="0.001" /><testcase classname="tests.test_swr_verify_quality_tarl_integration" name="test_tarl_has_audit_block" time="0.001" /><testcase classname="tests.test_swr_verify_quality_tarl_integration" name="test_tarl_has_test_block" time="0.001" /><testcase classname="tests.test_swr_verify_quality_tarl_integration" name="test_tarl_has_verify_block" time="0.001" /><testcase classname="tests.test_swr_verify_quality_tarl_integration" name="test_tarl_has_harden_block" time="0.001" /><testcase classname="tests.test_swr_verify_quality_tarl_integration" name="test_tarl_uses_pour_for_output" time="0.001" /><testcase classname="tests.test_swr_verify_quality_tarl_integration" name="test_tarl_parses_via_canonical_bridge" time="0.002" /><testcase classname="tests.test_swr_verify_quality_tarl_integration" name="test_fleet_doc_has_mission_header" time="0.001" /><testcase classname="tests.test_swr_verify_quality_tarl_integration" name="test_fleet_doc_has_substantial_content" time="0.001" /><testcase classname="tests.test_swr_verify_quality_tarl_integration" name="test_group2_doc_has_mission_header" time="0.001" /><testcase classname="tests.test_swr_verify_quality_tarl_integration" name="test_group2_doc_has_substantial_content" time="0.001" /><testcase classname="tests.test_swr_verify_quality_tarl_integration" name="test_all_swr_port_files_present" time="0.001" /><testcase classname="tests.test_swr_verify_quality_tarl_integration" name="test_swr_tests_directory_complete" time="0.001" /><testcase classname="tests.test_swr_verify_quality_tarl_integration" name="test_j3_discovery_doc_references_seven_waves" time="0.001" /><testcase classname="tests.test_t6_namespace_isolation" name="test_both_imports_succeed" time="0.001" /><testcase classname="tests.test_t6_namespace_isolation" name="test_beginnings_tarl_is_the_project_language" time="0.000" /><testcase classname="tests.test_t6_namespace_isolation" name="test_thirsty_tarl_is_dotted_namespace" time="0.000" /><testcase classname="tests.test_t6_namespace_isolation" name="test_beginnings_tarl_has_compiler" time="0.000" /><testcase classname="tests.test_t6_namespace_isolation" name="test_beginnings_tarl_has_policy_types" time="0.000" /><testcase classname="tests.test_t6_namespace_isolation" name="test_thirsty_tarl_exposes_policy_parser" time="0.001" /><testcase classname="tests.test_t6_namespace_isolation" name="test_thirsty_tarl_exposes_tarl_runtime" time="0.000" /><testcase classname="tests.test_t6_namespace_isolation" name="test_reimport_yields_same_modules" time="0.000" /><testcase classname="tests.test_t6_namespace_isolation" name="test_importlib_round_trip_preserves_namespace" time="0.000" /><testcase classname="tests.test_t6_namespace_isolation" name="test_no_star_collision_between_namespaces" time="0.000" /><testcase classname="tests.test_taar_integration" name="test_taar_import_surface" time="0.000" /><testcase classname="tests.test_taar_integration" name="test_taar_checks_and_writers_are_subpackages" time="0.001" /><testcase classname="tests.test_taar_integration" name="test_cli_entry_point_registered" time="0.022" /><testcase classname="tests.test_taar_integration" name="test_seed_data_shipped" time="0.001" /><testcase classname="tests.test_taar_integration" name="test_missing_registry_fails_closed" time="0.004" /><testcase classname="tests.test_taar_integration" name="test_heartbeat_reader_round_trip" time="0.687" /><testcase classname="tests.test_taar_integration" name="test_taar_imports_nothing_from_governance_chain" time="0.008" /><testcase classname="tests.test_tarl_integration" name="test_tarl_record_evaluated_by_policy" time="0.001" /><testcase classname="tests.test_tarl_integration" name="test_policy_chain_evaluates_in_order" time="0.001" /><testcase classname="tests.test_tarl_integration" name="test_diagnostics_aggregate_policy_failures" time="0.001" /><testcase classname="tests.test_tarl_integration" name="test_tarl_hash_is_stable_across_evaluation" time="0.001" /><testcase classname="tests.test_tarl_integration" name="test_policy_protocol_can_be_subclassed" time="0.001" /><testcase classname="tests.test_tarl_integration" name="test_end_to_end_tarl_lifecycle" time="0.001" /><testcase classname="tests.test_thirsty_lang_smoke" name="test_tier_module_importable[utf.thirsty_lang]" time="0.001" /><testcase classname="tests.test_thirsty_lang_smoke" name="test_tier_module_importable[utf.thirst_of_gods]" time="0.001" /><testcase classname="tests.test_thirsty_lang_smoke" name="test_tier_module_importable[utf.tscg]" time="0.001" /><testcase classname="tests.test_thirsty_lang_smoke" name="test_tier_module_importable[utf.tscg_b]" time="0.001" /><testcase classname="tests.test_thirsty_lang_smoke" name="test_tier_module_importable[utf.tarl]" time="0.001" /><testcase classname="tests.test_thirsty_lang_smoke" name="test_tier_module_importable[utf.shadow_thirst]" time="0.001" /><testcase classname="tests.test_thirsty_lang_smoke" name="test_thirsty_lang_version_pinned" time="0.003" /><testcase classname="tests.test_thirsty_lang_smoke" name="test_cli_entrypoint_on_path[thirsty]" time="0.001" /><testcase classname="tests.test_thirsty_lang_smoke" name="test_cli_entrypoint_on_path[thirst-of-gods]" time="0.001" /><testcase classname="tests.test_thirsty_lang_smoke" name="test_cli_entrypoint_on_path[tscg]" time="0.001" /><testcase classname="tests.test_thirsty_lang_smoke" name="test_cli_entrypoint_on_path[tscg-b]" time="0.001" /><testcase classname="tests.test_thirsty_lang_smoke" name="test_cli_entrypoint_on_path[tarl]" time="0.001" /><testcase classname="tests.test_thirsty_lang_smoke" name="test_cli_entrypoint_on_path[shadow-thirst]" time="0.001" /><testcase classname="tests.test_thirsty_lang_smoke" name="test_cli_entrypoints_invokable" time="1.263" /><testcase classname="tests.test_thirsty_lang_smoke" name="test_no_namespace_collision_with_packages_tarl" time="0.001" /><testcase classname="docs.tests.test_agent_reports_phase2_recovery" name="test_recovery_dir_exists" time="0.001" /><testcase classname="docs.tests.test_agent_reports_phase2_recovery" name="test_recovery_contains_133_markdown_files" time="0.001" /><testcase classname="docs.tests.test_agent_reports_phase2_recovery" name="test_recovery_has_readme" time="0.001" /><testcase classname="docs.tests.test_agent_reports_phase2_recovery" name="test_no_obsidian_yaml_frontmatter" time="0.020" /><testcase classname="docs.tests.test_agent_reports_phase2_recovery" name="test_no_obsidian_wikilinks" time="0.016" /><testcase classname="docs.tests.test_agent_reports_phase2_recovery" name="test_no_zoottelkeeper_metadata" time="0.015" /><testcase classname="docs.tests.test_agent_reports_phase2_recovery" name="test_files_are_project_content" time="0.003" /><testcase classname="docs.tests.test_agent_reports_phase2_recovery" name="test_no_obsidian_vault_named_files" time="0.001" /><testcase classname="docs.tests.test_diagrams_recovery" name="test_diagrams_dir_exists" time="0.001" /><testcase classname="docs.tests.test_diagrams_recovery" name="test_diagrams_dir_has_42_files" time="0.002" /><testcase classname="docs.tests.test_diagrams_recovery" name="test_diagrams_dir_has_readme" time="0.001" /><testcase classname="docs.tests.test_diagrams_recovery" name="test_no_obsidian_yaml_frontmatter" time="0.004" /><testcase classname="docs.tests.test_diagrams_recovery" name="test_excalidraw_files_are_valid_json" time="0.087" /><testcase classname="docs.tests.test_diagrams_recovery" name="test_svg_files_start_with_svg_tag" time="0.002" /><testcase classname="docs.tests.test_diagrams_recovery" name="test_python_file_is_stdlib_only" time="0.001" /><testcase classname="docs.tests.test_diagrams_recovery" name="test_architecture_dir_has_10_topics" time="0.001" /><testcase classname="docs.tests.test_diagrams_recovery" name="test_flows_dir_has_8_topics" time="0.001" /><testcase classname="docs.tests.test_diagrams_recovery" name="test_sequences_dir_has_6_topics" time="0.002" /></testsuite></testsuites>